Id_Profilo_Giornaliero,Descrizione,Sigla,Ore_Lavorative
A.DIRE,ASSISTENTE DIREZIONE,1,6.00
ABA01,COOPERA Assistente sociale,1,8.00
ABA02,COOPERA Assistente sociale 08.30-16.30,1,7.50
ABA03,COOPERA Assistente sociale 08.30-17.00,1,8.00
ABA04,COOPERA Assistente sociale 09.00-17.00,1,7.50
ABP01,COOPERA POR-08.15-12.45>13.15-17.30,p,8.75
ABP02,COOPERA POR-08.15-12.45,s,4.50
ABP03,COOPERA POR-08.15-12.35>13.20-17.15,1,8.25
ABP04,COOPERA POR-08.00-12.35>13.20-17.15,1,8.50
ABP08,COOPERA POR sabato-08.15-12.35>13.20-15.45,S,6.75
ABP09,COOPERA POR sabato-08.00-12.35>13.20-15.45,S,7.00
ABP10,COOPERA POR sabato-08.00-12.30,s,4.00
ABP11,COOPERA POR NUOVO 08.45-12.35>13.20-17.00,1,7.50
ABR01,COOPERA FKT T.O. -08.30-12.30>13.30-17.00,1,7.50
ABR02,COOPERA FKT 08.30-12.30,s,4.00
ABR03,LOGO -09.30-13.30,s,4.00
ABR05,COOPERA  08.00-13.00,1,5.00
ABR1,PASQUETTIFKT T.O. -08.30-12.30>13.30-17.00,1,7.25
ABRNEU,COOPERA  09.00-13.00,1,4.00
ABT01,COOPERA 1° turno,m,7.00
ABT02,COOPERA 2° turno,p,7.00
ABT03,COOPERA 3° turno,n,10.50
ABT04,COOPERA Smonto notte,s,0.00
ABT05,COOPERA 1°/2° turno,d,13.50
ABT06,COOPERA 1°/3° turno,d,17.50
ABU01,AMMINISTRAZIONE-08.30-17.00,1,8.00
ABU02,AMMINISTRAZIONE-09.00-17.00,1,7.50
ABUUU,930 /1800,1,8.00
ACasos,ACC-RIC ALB SOST 08.00 -17.00,3,8.50
ACC001,ACC-RIC 07.30-15.00,1,7.00
ACC002,ACC-RIC 07.30-16.00,1,8.00
ACC003,ACC-RIC 09.30-18.00,2,8.00
ACC004,ACC-RIC 10.30-18.00,2,7.00
ACC005,ACC-RIC mat al 8.00-16.00,1,7.50
ACC006,ACC-RIC mat al 8.00-16.30,1,8.00
ACC00S,ACC-RIC SOST 08.00 -17.00,3,8.50
ACC012,ACC-08.30-16.30 PMV30,1,7.50
Acc200,ACC-09.00-16.30 PMV30,1,7.00
ACC2CO,ACC-RIC COOPERA 08.00-16.00,1,7.50
ACCBOZ,ACC-RIC 08.00-15.30,1,7.00
ACCBZ2,ACC-RIC 08.00-16.30,1,8.00
ACCCOP,ACC-RIC COOPERA 07.30-15.30,1,7.50
ACCCP3,ACC-RIC 10.00-18.00,2,7.50
ACCCP4,ACC-RIC COOPERA 09.30-18.00,2,8.00
ACCest,ACC-RIC 08.00 15.30,1,7.00
ACCH01,ACC-RIC  08.00-15.00,2,6.00
ACCH02,ACC-RIC H 08.00-16.30,1,7.50
ACCH03,ACC-RIC H 08.00-16.00,1,7.50
ACCH04,ACC-RIC H 08.00-15.30,2,6.00
ACCMAM,ACCMAM -8.00-12.48,G,4.80
ACCRIC,ACC-RIC 08.00-16.00,1,7.50
ACCSN,ACC-RIC  SOST 08.00 -16.00,3,7.50
ACCst,ACC-RIC 07.30-16.30,1,8.50
ACRIC1,ACRIC1 07.30-15.30,1,7.50
ACRIC2,ACRIC2 07.30-15.00,1,7.00
ACRIC3,ACRIC3 10.00 18.00,1,7.50
ACRIC4,ACRIC4 10.30-18.00,1,7.00
ACRICA,ACRIC1AL 07.30-15.30,1,7.50
ACRICB,ACRICAL3 10.00 18.00,1,7.50
ACRICE,ACRICAL4 10.30-18.00,1,7.00
ACRICL,ACRICAL2 07.30-15.00,1,7.00
AINF1,AMBINF-08.30-16.00 P12.30,1,7.00
AINF2,AMBINFt-08.00-16.00,1,7.50
AINF3,AMBINF-10.30-18.00,6,7.00
AINF4,AMBINF-10.00-18.00 P13.30,1,7.50
ALAB,ALABISOCOOP-09.00-13.30>14.00-17.30,1,8.00
AM14,AMB-08.00-14.00 PMV30,3,5.50
AMB000,AMB-09.30-18.30 PMV30,1,8.50
AMB001,AMB-08.30-16.00 PMV30,1,7.00
AMB002,AMB-09.00-16.30 PMV30,1,7.00
AMB003,AMB-09.30-17.00 PMV30,1,7.00
AMB004,AMB-10.00-17.30 PMV30,1,7.00
AMB005,AMB-10.30-18.00,6,7.00
AMB006,AMB-11.30-18.30 PMV30,1,6.50
AMB007,AMB-11.30-19.00 PMV30,1,7.00
AMB008,AMB-12.00-19.30 PMV30,1,7.00
AMB009,AMB-12.30-20.00 PMV30,1,7.00
AMB010,AMB-13.00-20.30 PMV30,1,7.00
AMB011,AMB-13.30-21.00 PMV30,1,7.00
AMB012,AMB-08.30-16.30 PMV30,1,7.50
AMB013,AMB-10.00-17.00PMV30,1,6.50
AMB014,AMB-08.00-15.30 PMV30,3,7.00
AMB015,AMB-08.00-16.00 PMV 30,2,7.50
AMB016,AMB-09.00-17.00,4,7.50
AMB017,AMB-11.00-19.00 PMV30,1,7.50
AMB018,AMB-09.30-17.30 PMV30,1,7.50
AMB019,AMB-09.00-15.30 PMV30,1,6.00
AMB020,AMB-11.00-1730 p30,1,6.00
AMB021,AMB-11.00-1730 p30,1,6.00
AMB022,AMB-10.00-18.00 PMV30,5,7.50
AMB023,AMB-10.00-16.30 PMV30,1,6.00
AMB024,AMB-09.00-17.30 PMV30,1,8.00
AMB025,AMB-09.00-15.00 PMV30,1,5.50
AMB026,AMB-09.00-18.00 PMV30,1,8.50
AMB028,AMB-09.00-16.00 PMV30,1,6.50
AMB029,AMB-13.00-17.30 PMV30,1,4.00
AMB030,AMB-13.30-19.00 PMV30,1,5.00
AMB031,AMB-09.30-14.30 PMV30,1,4.50
AMB032,AMB-08.30-17.00 PMV30,1,8.00
AMB034,AMB-09.30-15.30 PMV30,1,5.50
AMB035,AMB-09.30-15.00 PMV30,1,5.00
AMB036,AMB-09.00-16.00 PMV30,1,6.50
AMB038,AMB-11.00-1800 p30,1,6.50
AMB03b,AMB-08.30-17.30 PMV30,1,8.50
AMB040,AMB-10.00-16.30 PMV30,1,6.00
AMB041,AMB-10.00-15.30,1,5.00
AMB044,AMB-08.30-14.00 PMV30,1,5.00
AMB045,AMB-08.30-13.30 PMV30,1,4.50
AMB047,AMB-08.30-12.30 PMV30,1,4.00
AMB050,AMB-08.30-15.00 PMV30,1,6.00
AMB055,AMB-10.30-18.30 PMV30,6,7.50
AMB060,AMB-10.3001900,1,8.00
AMB070,AMB-09.00-14.00 PMV30,1,4.50
AMB0èè,AMB-08.00-12.30 nop,1,4.50
AMB100,AMB-10.30-17.00 PMV30,1,6.00
AMB101,AMB-11.00-16.30 PMV30,1,5.00
AMB102,AMB-11.00-16.00PMV30,1,4.50
AMB103,AMB-09.30-18.00 PMV30,1,8.00
AMB111,AMB-08.30-14.30 PMV30,1,5.50
AMB115,AMB-08.30-15.30 PMV30,1,6.50
AMB116,AMB-08.00-15.00,2,6.50
AMB118,AMB-08.00-12.30,2,4.50
AMB12,AMB-12.00-18.00 PMV30,1,5.50
AMB300,AMB-09.00-14.30 PMV30,1,5.00
AMB301,AMB-09.00-13.00PMV30,1,4.00
AMB333,AMB-08.00-17.00  PMV 30,2,8.50
AMB444,AMB-09.30-16.00 PMV30,1,6.00
AMB4LI,AMBULATORIO QUATTRO ORE,1,4.00
AMB555,AMB-10.00-15.00,1,4.50
AMB60,AMB-09.30-14.00 NP,1,4.50
AMB66,AMB-09.00 1300 NP,1,4.00
AMB812, 08.00-12.00 IOANA,MI,4.00
AMB881,AMB-12.30-20.30 PMV30,1,7.50
AMB882,AMB-12.00-20.30 PMV30,1,8.00
AMB888,AMB-14.00-19.00 PMV30,1,4.50
AMBCCC,AMB-09.30-16.30 PMV30,1,6.50
AMBdo,AMB-07.30-13.30 no pausa,1,6.00
AMBfr,AMB-07.30-13.00 no pausa,1,5.50
AMBma,AMB-07.30-14.30 PMV30,1,6.50
AMBmae,AMB-07.30-14.00 PMV30,1,6.00
AMBmat,AMB-07.30-15.30 PMV30,1,7.50
AMBPO,AMB-07.30-15.00 ,1,7.00
AMBpp,AMB-07.30-1630 PMV30,1,8.50
AMBPPP,AMB-10.00-18.30 PMV30,1,8.00
AMBPR,AMB-08.00-17.30  PMV 30,2,9.00
AMBPRP,AMB-09.00-18.30 PMV30,1,9.00
AMBprr,AMB-11.00-1700 p30,1,5.50
AMBQ,AMB-08.00-15.00 PMV30,3,6.50
AMBra,AMB-07.30-16.00 PMV30,1,8.00
AMBra1,AMB-07.30-1700 PMV30,1,9.00
AMBra8,AMB-07.30-1730 PMV30,1,9.50
AMBser,AMB-10.00-19.00 PMV30,1,8.50
AMBTRR,AMB-08.00-16.30 PMV30,2,8.00
AMBttt,AMB-10.30-17.30 PMV30,1,6.50
AMBun,AMB-11.30-18.00 PMV30,1,6.50
AMM001,09.00-13.00 PT,1,4.00
AMM002,AMM-09.00-14.00 PT,1,5.00
AMM003,AMM-07.30-12.00 PT,1,4.50
ANTON,COORDINATRICEPALESTRACOOP,1,7.50
ARPISA, 830 1630,1,7.00
ARRI3,CCPP 800 1600,M,7.50
ARRI4,CCPP 1330 2030,P,6.50
ARRI5,CCPP 1330 2000,P,6.00
ARRI6,CCPP 800 14.00,M,5.50
ARTU1,CCPP 800 1530,M,7.00
ASMEL2,ASS SOC COOPERA 08.00-16.30,1,8.00
ASSDIR,ASS DIREZIONE SANITARIA,1,6.00
ASSMEL,ASS SOC COOPERA 08.00-16.00,1,7.50
ASSO01,Assistente sociale 08.30-16.00,1,7.00
ASSO02,Assistente sociale 08.30-16.30,1,7.50
ASSO03,Assistente sociale 08.00-16.00,1,7.50
ASSO04,Assistente sociale 08.00-15.30,1,7.00
ASSSOC,ASS SOC COOPERA 08.30-17.00,1,8.00
ASSSVE,ASS SOC COOPERA 09.00 - 12.00,1,4.00
BEL,BEL-08.30-12.30>13.00-16.30,1,7.50
BEL2,BEL-08.30-12.30>13.00-16.00,1,7.00
BELBI2,BEL-09.00-12.30>13.00-17.30,1,8.00
BELBIS,BEL-09.00-12.30>13.00-16.30,1,7.00
BORR,BORRELLI 1° turno,m,7.50
CAP,CAPOSALA,C,7.50
CAPFKC,CORDINATRICI RIABILITATIVE CAPOSALA COOPERA,1,7.50
CAPFKT,COORD R.S.  LIBERO,1,6.00
CAPM,CAPOMANUTENZIONE,1,6.50
CAPNUO,COORD CAP  LIBERO,1,12.00
ccp011,13.30-1700,1,3.50
ccpp,CCPP 830 1600,1,7.00
ccpp11,13.30-1700x,1,3.50
ccpp12,15.30 17.00,1,1.50
ccpp2,CCPP 9 1530 ,1,6.00
ccpp3,CCPP13 17 PT,1,4.00
ccpp42,CCPP 9 1600,1,6.50
ccpp44, CCPP  10.30-17.00p13.0013.30,1,6.00
ccpp91,ccpp-09.00-14.30 PT,1,5.50
ccpp92,ccpp-09.00-13.30 PT,1,4.50
CEN001,CENTRALINO 08.00-14.30 PMV30,1,6.00
CEN002,CENTRALINO 12.30-20.00 PMV30,2,7.00
CEN004,CENTRALINO 11.30-19.00 PMV30,2,7.00
CEN005,CENTRALINO 11.00-18.30 PMV30,2,7.00
CEN006,CENTRALINO 12.00-19.30 PMV30,2,7.00
CEN007,CENTRALINO 08.00-12.40>13.10-14.30,1,6.00
CEN008,CENTRALINO 12.30-13.15>13.45-20.00,2,7.00
CEN009,CENTRALINO 07.00>13.00-13.30 15.00,1,7.50
CEN010,CENTRALINO 07.30>13.00-13.30 15.00,1,7.00
CEN011,CENTRALINO 12.42-13.30>14.00-18.00,2,4.80
CEN100,CENTRALINO 7 1148 ,2,4.80
CENIMA,CENTRALINO MATTINO 08.00-12.00 ELISABETTA,ME,4.00
CENMAT,CENTRALINO 08.00-14.00 MATTINO ROSA,MR,6.00
CENPOI,CENTRALINO 14.00-18.00 POMERIGGIO ELISABETTA,PE,4.00
CENPOM,CENTRALINO 14.00-20.00,3,6.00
CENPOR,CENTRALINO 12.00-18.00 POMERIGGIO ROSA,PR,6.00
CON001,CON-07.30-15.00 PMV30,C,7.00
CON002,CON-08.00-15.30 PMV30,C,7.00
CON003,CON-08.30-16.00 PMV30,C,7.00
CON004,CON-09.00-16.30 PMV30,C,7.00
CON005,CON-08.00-16.00 PMV30,C,7.50
CON006,CON-09.30-17.00 PMV30,C,7.00
CON007,CON-07.30-16.00 PMV30,C,8.00
CON008,CON-07.30-15.30 PMV30,C,7.50
COOP1,COOPERA 13.00-17.00,1,4.00
COOP2,COOPERA 15.30-19.30,1,4.00
COOP3,COOPERA  09.00-13.00,1,4.00
COOP4,COOPERA  08.30-12.30BIS,1,4.00
COOP5,COOPERA 12.00-17.00,1,5.00
COOP6,08.30-13.30,1,5.00
COOP7,08.30-14.30,1,6.00
COOPGU,COOPERA GUARDAROBA  -07.00-12.00>12.30-15.00,1,7.50
coopma,COOPERA  08.30-12.30,s,4.00
COORDP,COORDINATRICI PALESTRA,1,7.00
COOSCH,COORDINATRICE SCHIRINZI 32 H,1,8.00
COPGU2,COOPERA GUARDAROBA  -07.00-12.00>13.00-15.30,1,8.00
CORCOP,COORDINATRICEPALESTRACOOP,1,8.00
CORDLI,CORAMBLI,1,7.00
CORFK2,COORDINATRICI PALESTRA2,1,7.00
COSCH,COORDINATRICE SCHIRINZI 6 H,1,6.00
cp1230,ccpp 08.30 - 12.30,1,4.00
DACOMP,Assenza ,.,7.20
DH,DH L V 830 1630 7.3,1,7.50
DH1,DH MMG 830 16,1,7.00
DIE,DIETISTA,P,20.00
DR6,CCPP 9-13,M,4.00
fktped,CCPP 830 15.30,1,6.50
FONIA,FONIATRA,1,7.50
FOOTLI,FOOTLIB,1,7.50
FUM1,NEUROPSIC 08:30-16:00COOPERA,1,7.00
GH,GHIRAN 11.00 17.00 PAUSA 1 ORA,1,6.00
GIARD,GIARD 08:30-16:30,1,7.50
GINEX,GINEX 13.30 18.30,1,5.00
GINEX2,GINEX 08.30 14.00P30,1,5.00
GINGIO,GINEX GIOVEDI . -08.30-11.00>13.30-18.00,1,7.00
GIOSA2,COOPERA NEURO 13.30 17.30,1,4.00
GUA001,GUA-07.00-14.30 PMV30,G,7.00
GUA002,GUA-07.30-15.00 PMV30,G,7.00
GUA003,GUA-08.00-15.30 PMV30,G,7.00
GUA004,GUA-08.30-16.00 PMV30,G,7.00
GUA005,GUA-09.00-16.30 PMV30,Z,7.00
GUA006,GUA-08.30-16.30 PMV30,G,7.50
GUA007,GUA-7.00 11.48,G,4.80
GUA008,GUA-7.30 12.18,G,4.80
GUA009,GUA-09.30 14.48 PMV30,Z,4.80
GUACA,GUA-07.00-15.00 PMV30,G,7.50
GUAcoo,GUA-coop 7 15,G,7.50
GUAcop,GUA-coop 7 1530,G,8.00
GUAPT1,GUA-P T 07.00-12.00,G,5.00
GUAPT2,GUA-P T 07.30-12.00,G,4.50
GUAZ,GUA-P T 10.30-15.00p30,G,4.00
IG1,IG-09.00-14.30 PMV30,1,5.00
IG2,IG-10.00-15.30 PMV30,1,5.00
IGDH2,INF DH GIOVE,1,7.50
IMPO1,8.30/9.00 FLEX 36,1,7.50
INFDH,INF DH,1,7.00
IP001,IP-OSS 1° turno,M,7.00
IP001p,IP-OSS 1° turno p60,M,7.00
IP002,IP-OSS 2° turno,P,7.00
IP002p,IP-OSS 2° turnop60,P,7.00
IP003,IP-OSS 3° turno,N,10.50
IP004,IP-OSS Smonto notte,S,0.00
IP005,IP-OSS 1°/2° turno,D,13.50
IP006,IP-OSS 1°/3° turno,D,7.00
IP3CP2,IP- 3° turno CCPP RIALZATO8.15,N,11.00
IP3CPR,IP- 3° turno CCPP RIALZATO7.15,N,10.00
IP3TU2,COOPERA 3° TURNO RIALZATO715,n,10.00
IP3TUR,COOPERA 3° TURNO RIALZATO08.15,n,11.00
IPPED,COOP PED 9 1530,1,6.00
IPPED1,COOP PED  1° turno,1,7.00
IPPED2,COOP PED2° turno,2,7.00
IPPED3,COOP PED 3° turno,3,10.50
KALU,manukalu,1,7.50
KALU2,manukalu2,1,7.00
LIB8,LIBERO OTTO ORE,P,8.00
LLL,ccpp-09.00-14.30 PMV30,1,5.00
MAG1,MAG. 09:00-17:00,1,7.50
MAG2,MAG.08:00-16:00,2,7.50
MAG2B,MAG2B. 09:00-16.30,1,7.00
MAG3,MAG.09:00-17:30,1,7.50
MAG4,MAG.08:00-17:00,2,7.00
MAG7.3,MAG 08:30-17:00,7,7.50
MAGA,MAGA30H,1,7.50
MAGCO1,MAGAZZINO COOPERA 08.30-12.30>13.30 -17.30,7,8.00
MAGCO2,MAGAZZINO COOPERA 08.30-12.30>13.30 -17.00,7,7.50
MAGFA1,MAGFA1 08.30-17.00 P30,1,8.00
MAGFA2,MAGFA2 08.30-16.30 P30,1,7.50
MAGFA3,MAGFA3 09.00-17.30 P30,1,8.00
MAGFA4,MAGFA4 09.00-17.00 P30,1,7.50
MAGFA5,MAGFA2 08.00-16.00 P30,1,7.50
MAGGEN,MAGAZZINO COOPERA  07.30-12.30>13.30 -16.00,7,7.50
MAGSCH,MAGAZZINO COOPERA  08.00-12.30>13.30 -17.00,8,8.00
MANU01,MANUTENZIONE 1°9/16,30PM30,1,7.00
MANU02,MANUTENZIONE 2°10,00/17,30PM30,2,7.00
MANU03,MANUTENZIONE 3°10,00/18,00PM30,2,7.50
MANU04,MANUTENZIONE 4°9,00/17,00PM30,1,7.50
MANU05,MANUTENZIONE 4°08.00/16,00PM30,1,7.50
MANU06,MANUTENZIONE 4°08.00/15,30PM30,1,7.00
MANU07,MANUTENZIONE 4°09.30/17,30PM30,1,7.50
MANU08,MANUTENZIONE 4°09.30/17,00PM30,1,7.00
MANU10,MANUTENZIONE 4°08.30/16,30PM30,1,7.50
MANU11,MANUTENZIONE 3°10,30/17,30PM30,2,6.50
MANU12,MANUTENZIONE 4°08.00/16,30PM30,1,8.00
MASPAS,MASPAS 830 1600,1,7.00
MASTR,MASPAS  8301630,1,7.50
MED001,MEDICI (10 min),1,6.33
MED002,MEDICI-14.00-20.00 (10 min),P,6.00
MED003,MEDICI-SABATO (10min),S,3.00
MED102,MEDICI-14.00-20.00 (1min),P,6.00
MED103,MEDICI-SABATO (1min),S,3.00
MED201,MEDICI (1 min),1,6.33
MED20P,MEDICI (1 min) PMV30,1,6.33
MED20S,MEDICI (1 min) PMV30 - SKYLINE (NON UTILIZZARE),1,6.33
MEDGG,MED GUA GIO 08.00 20.00,1,12.00
MEDGN,MED GUA NOT 20:00 08:00,N,12.00
MG P/N,MED GUA POM/ NOTTE TURNO,D,18.00
MG1/2,MED GUA 1°/2° TURNO,D,24.00
nefis,COOPERA9.00 16.00,2,6.50
NEPS,COOPERA  ALABISO -08.30-12.30>13.30-17.00,1,7.50
nerfis,09.00-1730,1,8.00
NEU,NEUROPSIC 09.00 18 .00 COOPERA,1,8.50
NEU52,NEUNUOVO-09.00-16.30 PMV30,1,7.00
NEU53,NEUNUOVO-09.00-17.00 PMV30,1,7.50
NEU55,sabneuNUOVO-09.00-16.30 PMV30,1,7.00
NEU77,NEU18 sett-8.30-18.00 PMV30,1,9.00
neucp1, CCPP  08.30-17.00,1,8.00
neucp2, CCPP  09.00-17.00,1,7.50
neucp3, CCPP  09.00-16.30,1,7.00
neucp4, CCPP  10.00-17.30,1,7.00
neucp5, CCPP  09.00-17.30,1,8.00
neucp6, CCPP  09.00-16.00,1,6.50
neucp7, CCPP  10.00-18.00,1,7.50
NEUDE,NEU  1500 1800,1,3.00
NEUEV,08.30-13.00>13.30-16.30,1,7.50
NEUEV2,09.00-13.00>13.30-16.30,1,7.00
NEUFI2,NEUROFISIO 09.00 18 .30COOPERA,1,9.00
NEUFIS,NEUROFISIO 09.00 18 .00 COOPERA,1,8.50
NEUFU,NEUFU 13301730,1,4.00
NEULIB,NEURO LIB,1,7.00
NEUNEW,CCPP 9-13 N,1,4.00
NEUR,NEURO-08.30-17.30,1,8.50
neur6,ccpp-09.00-15.30 PMV30,1,6.00
NEUROP,09.00-17.00 P30,1,7.50
NEURV,NEURO-08.30-13.30>14.00 -18.00,1,9.00
OSSPN,OSS PORT NEW 08.38-12.35>13.25-16.40,1,7.20
OSSPO1,OSS POR CCPP 08.45-12.35>13.20-17.00,1,7.50
OSSPO2,OSS POR CCPP 08.45-12.35>13.25-16.30,1,6.92
OSSPO3,OSS PORT CCPP 08.48-12.35>13.35-17.00,1,7.20
OSSRIA,OSS  1° turno rialzato arr,M,7.50
OSSRIV,OSS  1° turno rialzato venerdì arrigo,M,6.00
PAPA,COOPERA MANU PAPA. -08.00-17.00 ,1,8.00
PAPA2,COOPERA MANU PAPA. -08.00-16.30,1,7.50
PD001,P.D. 08.00-20-00,d,0.00
PEDE1,COOPERA NEURO 08.30-12.30,1,4.00
PEDE2,COOPERA NEURO 13.00-17.00,1,4.00
POLLIB,POLLIB,1,7.50
PRES,Presenza 7.36,1,7.60
PRES10,Presenza 10,1,10.00
PRES12,Presenza 12,1,12.00
PRES2,Presenza 2,1,2.00
PRES4,Presenza 4,1,4.00
PRES4I,Presenza 4 imp,1,4.00
PRES6,Presenza 6,1,6.00
PRES8,Presenza 8,1,8.00
PRES9,Presenza 9,1,9.00
R2003,RIAB2 08.00-12.30,R2,4.50
R2004,RIAB2 08.00-13.15>13.45-15.15,R2,6.75
R2005,RIAB2 08.00-13.15>13.45-16.00,R2,7.50
R2006,RIAB2 08.45-13.15>14.00-15.30,R2,6.00
R2007,RIAB2 08.00-13.15>14.00-17.45,R2,9.00
R2008,RIAB2 08.00-13.00>14.00-16.00,R2,7.00
R2009,RIAB2 08.00-13.30>14.00-16.00,R2,7.50
R2010,RIAB2 08.00-14.00,R2,6.00
R2013,RIAB2 09.30-14.00,R2,4.50
R2015,RIAB2 11.45-14.00>14.45-20.00,R2,7.50
R2016,RIAB2 12.30-14.00>14.45-20.00,R2,6.75
R2017,RIAB2 13.30-20.00,R2,6.50
R2019,RIAB2 14.00-20.00,R2,6.00
R2021,RIAB2 14.30-19.00,R2,4.50
R2022,RIAB2 15.30-20.00,R2,4.50
R2023,RIAB2 08.00-12.30>13.15-15.30,R2,6.75
R2024,RIAB2 12.00-14.15>14.45-20.00,R2,7.50
R2026,RIAB2 13.00-20.30 P30,R2,7.00
R22222,RIAB2 11.00-20.30 P30,R2,9.00
R2S01,RIAB2 SEGR 07.45-14.00,R2,6.25
R2S02,RIAB2 SEGR 07.45-14.15,R2,6.50
R2S025,RIAB2 SEGR 14.00-20.30,R2,6.50
R2S026,RIAB2 SEGR 07.45-15.15 P 30,R2,7.00
R2S027,RIAB2 SEGR 07.45-16.15 P 30,R2,8.00
R2S028,RIAB2 SEGR 07.45-15.45 P 30,R2,7.50
R2S02B,RIAB2 SEGR 07.45-17.15 P 30,R2,9.00
R2S02h,RIAB2 SEGR 10.00-17.30 P 30,R2,7.00
R2S03,RIAB2 SEGR 07.45-13.45,R2,6.00
R2S22,RIAB2 SEGR 07.45-13.30,R2,5.75
R2S55,RIAB2 SEGR 07.45-14.30,R2,6.75
R2S99,RIAB2 SEGR 09.15-15.30,R2,6.25
RIAGO,8.00 16.30 COOPERA RIALZATO MP,1,8.00
RIAL00,T.OCC.COOP. -08.30-12.30>13.30-17.00,1,7.50
RIAL01,LOGO-08.30-13.30>14.0016.00,1,7.00
RIAL02,LOGONUOVO-09.00-13.30>14.00-16.30,1,7.00
RIAL03,FKT- T.O.08.30-12.30>13.30-16.30,1,7.00
RIAL04,FKT-08.30-12.30,s,4.00
RIAL05,T.OCC.-08.30-12.30>13.30-16.30,1,7.00
RIAL06,T.OCC.-08.00-12.30>13.30-16.30,1,7.50
RIAL07,FKT-08.30-16.30 COORDINATRICE,1,7.50
RIAL08,RIAB NUOVO. 09.00-12.30>13.30-17.00,1,7.00
RIAL09,FKT-08.30-12.30>13.30-17.00,1,7.50
RIAL0L,LOGOluc08.30-14.00>14.30-17.000,1,8.00
RIAL0X,T.OCC.COOP. -08.00-12.30>13.30-17.00,1,8.00
RIAL10,LOGO P60 09.00-13.30>14.30-17.00,1,7.00
RIAL12,LOGOPILO-09.30-13.30>14.00-16.00,1,6.00
RIAL13,LOGOCOOP-08.30-13.30>14.00-16.00,1,7.00
RIAL51,LOGO NUOVO. 09.00-12.30>13.30-16.30,1,7.00
RIAL55,LOGO RIAL. 09.00-12.30>13.30-1700,1,7.50
RIALc,FKT-11.30 17.00 COORDINATRICE,1,4.50
RIALCO,FKT-08.30-16.30 COORDINATRICE NUOVO,1,7.50
RIALO3,LOGO-08.30-13.30>14.0016.30,1,7.50
RIALO4,LOGFISPAT-09.00-13.30>14.00 -17.00,1,7.50
RIALP,FKT-9.00-13.00>13.30-16.30,1,7.00
RIALSA,FKT-T.O-RIAB SABATO NUOVO. 09.00-12.30>13.30-17.00,s,7.00
RIP,Riposo ,R,0.00
RIPD,Riposo domenica,R,0.00
RIPDA,COOPERA Riposo domenica,r,0.00
RIPDM,Riposo domenica (medici 10min),R,0.00
RIPDMA,Riposo domenica (medici 1min),R,0.00
RIPF,RIPOSO FERIALE COOPERA,R,0.00
RIPM,Riposo MEDICI GUARDIA,R,0.00
RIPSA,COOPERA Riposo sabato,r,0.00
RIPSM,Riposo sabato (medici 10min),R,0.00
RIPSMA,Riposo sabato (medici 1min),R,0.00
RIPT,Riposo turnisti,R,0.00
RIPTA,COOPERA Riposo turnisti,r,0.00
RIVO,1400 1800,1,4.00
RNEW,RIABNEW 08.45-12.30>13.15-16.30,1,7.00
ROGINA,ROGINA COOPERA,1,6.00
RSITRA,RESPONSABILE SITRA,P,8.00
RSOZ,RIPOSO FERIALE NEUROPSICOLOGO,R,0.00
Rsp,RIAB2 13.45 20.30,R2,6.75
SDIR,SDIR,1,10.00
SDIR2,SDIR10,1,10.00
SDIRB,SDIRBA,1,6.33
SITCOP,SITRA ( orario medici),1,6.33
SITRA,SITRA,P,8.00
SOZ,08:30-16:30COOPERA,1,7.50
SOZ1,NEUROPSIC 08.30-17.00,1,8.00
SOZZ,NEUROPSIC 08:00-16:00COOPERA,1,7.50
TARI,CCPP 830 1600 TARI,1,7.00
TARI2, CCPP TARI 2 8.30-17.00,1,8.00
TEEma,mart 08.30 - 13.00,1,4.50
TIRLIB,TIR LIB,1,7.00
TIRLIF,TIRLIBFKT,1,7.00
TIRLoF,TIRLogoFKT,1,7.00
TIROC,TIROCINANTI,1,8.00
TIROCI,TIROCINANTIFKT7,1,7.00
TIROCn,TIROCINANTIFKT7nuovo,1,7.00
TN1,AMB-09.00 12.30NP,1,3.50
TN2,AMB-12.30-16.00NP,1,3.50
TNFPP,12.30 16.00 NP,1,3.50
VEN,COOPERA VENANZI -09.45-12.30>13.30-16.15,1,5.50
VER,VER.09:15-12:45>13:15-16:45,V,7.00
VERCOO,VERONELLI 08:30-16:00COOPERA,1,7.00
XX,XX,X,0.00
ZEVAR2,13.00 20 30 COOP,2,7.00

