Id_Dipendente,Anno,Mese,Saldo_Ore
468,2024,1,23.00
468,2024,2,11.00
468,2024,3,-1.00
468,2024,4,22.00
468,2024,5,1.50
468,2024,6,-10.50
468,2024,7,7.50
468,2024,8,-4.50
468,2024,9,-19.50
468,2024,10,4.50
468,2024,11,-10.50
468,2024,12,-24.50
470,2024,1,44.00
470,2024,2,53.00
470,2024,3,44.00
470,2024,4,40.00
470,2024,5,37.50
470,2024,6,49.00
470,2024,7,55.00
470,2024,8,43.00
470,2024,9,52.00
470,2024,10,49.00
470,2024,11,53.50
470,2024,12,64.50
492,2024,1,23.50
492,2024,2,31.50
492,2024,3,31.50
492,2024,4,33.00
492,2024,5,32.50
492,2024,6,34.00
492,2024,7,21.50
492,2024,8,27.00
492,2024,9,41.00
492,2024,10,35.50
492,2024,11,49.00
492,2024,12,49.50
502,2024,1,32.00
502,2024,2,18.50
502,2024,3,0.50
502,2024,4,23.00
502,2024,5,9.50
502,2024,6,-3.50
502,2024,7,18.50
502,2024,8,6.50
502,2024,9,-7.00
502,2024,10,17.00
502,2024,11,5.00
502,2024,12,-7.00
514,2024,1,-0.50
514,2024,2,-14.00
514,2024,3,-30.00
514,2024,4,-7.00
514,2024,5,-23.00
514,2024,6,-36.50
514,2024,7,-12.50
514,2024,8,-26.00
514,2024,9,-40.00
514,2024,10,-17.50
514,2024,11,-29.50
514,2024,12,-45.50
516,2024,1,32.00
516,2024,2,19.50
516,2024,3,6.00
516,2024,4,29.50
516,2024,5,17.50
516,2024,6,5.50
516,2024,7,29.50
516,2024,8,17.50
516,2024,9,5.50
516,2024,10,29.50
516,2024,11,17.50
516,2024,12,4.50
607,2024,1,75.00
607,2024,2,63.00
607,2024,3,49.00
607,2024,4,62.00
607,2024,5,46.00
607,2024,6,19.00
607,2024,7,43.00
607,2024,8,-10.00
607,2024,9,-22.50
607,2024,10,1.50
607,2024,11,-10.50
607,2024,12,-24.00
636,2024,1,22.00
636,2024,2,26.50
636,2024,3,18.50
636,2024,4,4.50
636,2024,5,2.50
636,2024,6,9.00
636,2024,7,-6.00
636,2024,8,4.00
636,2024,9,10.00
636,2024,10,4.00
636,2024,11,10.00
636,2024,12,4.00
637,2024,1,22.50
637,2024,2,17.00
637,2024,3,2.00
637,2024,4,0.50
637,2024,5,8.50
637,2024,6,10.50
637,2024,7,5.50
637,2024,8,11.50
637,2024,9,19.50
637,2024,10,13.50
637,2024,11,24.50
637,2024,12,22.50
638,2024,1,32.00
638,2024,2,19.50
638,2024,3,7.50
638,2024,4,31.50
638,2024,5,19.00
638,2024,6,5.00
638,2024,7,29.00
638,2024,8,17.00
638,2024,9,5.00
638,2024,10,29.00
638,2024,11,17.00
638,2024,12,0.50
754,2024,1,0.95
754,2024,2,6.95
754,2024,3,0.28
754,2024,4,-9.72
754,2024,5,-9.72
754,2024,6,-9.72
754,2024,7,-75.20
754,2024,8,-75.20
754,2024,9,-75.20
754,2024,10,-125.20
754,2024,11,-125.20
754,2024,12,-125.20
907,2024,1,93.00
907,2024,2,79.50
907,2024,3,64.50
907,2024,4,78.00
907,2024,5,58.00
907,2024,6,44.00
907,2024,7,68.00
907,2024,8,56.00
907,2024,9,43.00
907,2024,10,60.00
907,2024,11,44.50
907,2024,12,30.50
1188,2024,1,13.65
1188,2024,2,13.65
1188,2024,3,12.95
1188,2024,4,-7.05
1188,2024,5,-19.72
1188,2024,6,-19.72
1188,2024,7,-32.07
1188,2024,8,-32.07
1188,2024,9,-32.07
1188,2024,10,-35.92
1188,2024,11,-35.92
1188,2024,12,-41.68
1298,2024,1,0.47
1298,2024,2,0.47
1298,2024,3,0.47
1298,2024,4,-29.53
1298,2024,5,-29.53
1298,2024,6,-29.53
1298,2024,7,-83.73
1298,2024,8,-83.73
1298,2024,9,-83.73
1298,2024,10,-163.73
1298,2024,11,-163.73
1298,2024,12,-163.73
1680,2024,1,0.07
1680,2024,2,0.07
1680,2024,3,-1.57
1680,2024,4,-11.37
1680,2024,5,-11.37
1680,2024,6,-11.37
1680,2024,7,-29.68
1680,2024,8,-29.68
1680,2024,9,-31.97
1680,2024,10,-36.43
1680,2024,11,-36.43
1680,2024,12,-48.62
1681,2024,1,-6.97
1681,2024,2,-13.35
1681,2024,3,-16.37
1681,2024,4,-22.15
1681,2024,5,-22.15
1681,2024,6,-22.15
1681,2024,7,-22.15
1681,2024,8,-22.15
1681,2024,9,-22.15
1681,2024,10,-22.15
1681,2024,11,-22.15
1681,2024,12,-22.15
1987,2024,1,249.92
1987,2024,2,211.92
1987,2024,3,199.25
1987,2024,4,180.25
1987,2024,5,131.10
1987,2024,6,118.43
1987,2024,7,88.07
1987,2024,8,88.07
1987,2024,9,73.00
2102,2024,1,11.30
2102,2024,2,-1.70
2102,2024,3,-14.70
2102,2024,4,10.30
2102,2024,5,-2.70
2102,2024,6,-15.70
2102,2024,7,9.30
2102,2024,8,-3.70
2102,2024,9,-16.70
2102,2024,10,8.30
2102,2024,11,-4.70
2102,2024,12,-17.70
2456,2024,1,-2058.75
2456,2024,2,-2146.75
2456,2024,3,-2230.75
2456,2024,4,-2314.75
2456,2024,5,-2402.75
2456,2024,6,-2490.75
2456,2024,7,-2570.75
2456,2024,8,-2662.75
2456,2024,9,-2746.75
2456,2024,10,-2830.75
2456,2024,11,-2922.75
2456,2024,12,-3002.75
2497,2024,1,-19.07
2497,2024,2,-17.40
2497,2024,3,-19.57
2497,2024,4,-21.07
2497,2024,5,-0.57
2497,2024,6,26.77
2497,2024,7,35.43
2497,2024,8,70.77
2497,2024,9,88.93
2497,2024,10,103.27
2497,2024,11,133.43
2497,2024,12,128.93
5591,2024,1,98.00
5591,2024,2,86.00
5591,2024,3,68.50
5591,2024,4,91.50
5591,2024,5,79.50
5591,2024,6,59.50
5591,2024,7,70.50
5591,2024,8,57.50
5591,2024,9,45.50
5591,2024,10,63.50
5591,2024,11,51.50
5591,2024,12,39.50
5643,2024,1,19.50
5643,2024,2,19.50
5643,2024,3,17.50
5643,2024,4,13.50
5643,2024,5,16.50
5643,2024,6,21.00
5643,2024,7,0.50
5643,2024,8,-2.00
5643,2024,9,-0.50
5643,2024,10,-1.00
5643,2024,11,15.00
5643,2024,12,12.00
5890,2024,1,39.10
5890,2024,2,50.10
5890,2024,3,40.10
5890,2024,4,30.10
5890,2024,5,28.60
5890,2024,6,40.60
5890,2024,7,31.60
5890,2024,8,38.60
5890,2024,9,42.60
5890,2024,10,40.60
5890,2024,11,53.60
5890,2024,12,43.60
5950,2024,1,-9.50
5950,2024,2,-6.50
5950,2024,3,-4.50
5950,2024,4,-8.50
5950,2024,5,-6.50
5950,2024,6,-0.50
5950,2024,7,-9.50
5950,2024,8,-0.50
5950,2024,9,10.50
5950,2024,10,6.00
5950,2024,11,17.00
5950,2024,12,11.00
5975,2024,1,55.00
5975,2024,2,43.50
5975,2024,3,33.00
5975,2024,4,28.00
5975,2024,5,27.50
5975,2024,6,21.50
5975,2024,7,10.00
5975,2024,8,15.00
5975,2024,9,18.50
5975,2024,10,29.00
5975,2024,11,30.00
5975,2024,12,27.00
5983,2024,1,137.72
5983,2024,2,115.22
5983,2024,3,81.88
5983,2024,4,105.88
5983,2024,5,92.38
5983,2024,6,74.05
5983,2024,7,92.72
5983,2024,8,79.22
5983,2024,9,67.22
5983,2024,10,89.72
5983,2024,11,77.55
5983,2024,12,59.55
6000,2024,1,21.00
6000,2024,2,7.50
6000,2024,3,1.00
6000,2024,4,6.00
6000,2024,5,10.50
6000,2024,6,20.50
6000,2024,7,14.50
6000,2024,8,20.50
6000,2024,9,26.50
6000,2024,10,24.00
6000,2024,11,35.00
6000,2024,12,37.50
6001,2024,1,64.00
6001,2024,2,52.00
6001,2024,3,37.00
6001,2024,4,25.00
6001,2024,5,5.50
6001,2024,6,-6.50
6001,2024,7,17.50
6001,2024,8,5.50
6001,2024,9,-7.00
6001,2024,10,17.00
6001,2024,11,5.00
6001,2024,12,-7.00
6148,2024,1,58.00
6148,2024,2,46.00
6148,2024,3,7.00
6148,2024,4,31.00
6148,2024,5,19.00
6148,2024,6,7.00
6148,2024,7,31.00
6148,2024,8,19.00
6148,2024,9,7.00
6148,2024,10,31.00
6148,2024,11,19.00
6148,2024,12,7.00
6191,2024,1,12.40
6191,2024,2,-5.60
6191,2024,3,-17.60
6191,2024,4,6.40
6191,2024,5,-12.60
6191,2024,6,-26.10
6191,2024,7,-21.60
6191,2024,8,-36.60
6191,2024,9,-52.60
6191,2024,10,-35.10
6191,2024,11,-52.10
6191,2024,12,-66.10
6207,2024,1,27.00
6207,2024,2,15.50
6207,2024,3,9.00
6207,2024,4,11.00
6207,2024,5,12.00
6207,2024,6,17.50
6207,2024,7,9.50
6207,2024,8,23.00
6207,2024,9,32.00
6207,2024,10,35.00
6207,2024,11,42.00
6207,2024,12,42.00
6214,2024,1,15.00
6214,2024,2,19.00
6214,2024,3,8.50
6214,2024,4,5.50
6214,2024,5,7.50
6214,2024,6,6.00
6214,2024,7,0.00
6214,2024,8,13.00
6214,2024,9,20.00
6214,2024,10,8.00
6214,2024,11,11.00
6214,2024,12,16.50
6312,2024,1,-4.00
6312,2024,2,-8.00
6312,2024,3,-23.00
6312,2024,4,-28.00
6312,2024,5,-28.50
6312,2024,6,-34.00
6312,2024,7,-39.50
6312,2024,8,-38.50
6312,2024,9,-33.50
6312,2024,10,-33.00
6312,2024,11,-26.50
6312,2024,12,-36.00
6343,2024,1,9.00
6343,2024,2,15.00
6343,2024,3,13.00
6343,2024,4,3.00
6343,2024,5,-1.00
6343,2024,6,-4.00
6343,2024,7,-15.00
6343,2024,8,-9.00
6343,2024,9,-3.00
6343,2024,10,-9.00
6343,2024,11,-3.00
6343,2024,12,-3.00
6355,2024,1,40.50
6355,2024,2,47.00
6355,2024,3,42.00
6355,2024,4,41.00
6355,2024,5,50.00
6355,2024,6,60.50
6355,2024,7,51.50
6355,2024,8,64.50
6355,2024,9,71.50
6355,2024,10,69.50
6355,2024,11,83.00
6355,2024,12,78.00
6385,2024,1,45.00
6385,2024,2,53.50
6385,2024,3,50.00
6385,2024,4,49.00
6385,2024,5,56.00
6385,2024,6,65.50
6385,2024,7,54.50
6385,2024,8,67.50
6385,2024,9,74.50
6385,2024,10,71.00
6385,2024,11,81.50
6385,2024,12,77.00
6386,2024,1,-19.75
6386,2024,2,-15.75
6386,2024,3,-30.75
6386,2024,4,-26.75
6386,2024,5,-23.75
6386,2024,6,-17.75
6386,2024,7,-8.75
6386,2024,8,-8.25
6386,2024,9,-18.25
6386,2024,10,-19.25
6386,2024,11,-16.25
6386,2024,12,-22.25
6391,2024,1,18.00
6391,2024,2,30.00
6391,2024,3,26.50
6391,2024,4,25.50
6391,2024,5,28.50
6391,2024,6,38.50
6391,2024,7,30.50
6391,2024,8,34.50
6391,2024,9,41.50
6391,2024,10,39.00
6391,2024,11,48.50
6391,2024,12,43.00
6500,2024,1,-21.00
6500,2024,2,-19.50
6500,2024,3,-37.50
6500,2024,4,-29.00
6500,2024,5,-27.00
6500,2024,6,-18.00
6500,2024,7,-20.00
6500,2024,8,-8.00
6500,2024,9,-8.50
6500,2024,10,-17.50
6500,2024,11,-9.50
6500,2024,12,-11.50
6507,2024,1,40.50
6507,2024,2,40.50
6507,2024,3,39.00
6507,2024,4,37.50
6507,2024,5,43.50
6507,2024,6,47.50
6507,2024,7,31.50
6507,2024,8,40.50
6507,2024,9,49.50
6507,2024,10,40.50
6507,2024,11,47.50
6507,2024,12,43.50
6619,2024,1,16.07
6619,2024,2,-3.27
6619,2024,3,-16.93
6619,2024,4,6.57
6619,2024,5,-9.27
6619,2024,6,-23.10
6619,2024,7,0.90
6619,2024,8,-13.77
6619,2024,9,-27.27
6619,2024,10,-3.27
6619,2024,11,-22.60
6619,2024,12,-37.43
6621,2024,1,-24.50
6621,2024,2,-24.50
6621,2024,3,-30.50
6621,2024,4,-30.50
6621,2024,5,-30.50
6621,2024,6,-24.50
6621,2024,7,-30.50
6621,2024,8,-24.50
6621,2024,9,-18.50
6621,2024,10,-24.50
6621,2024,11,-18.50
6621,2024,12,-28.50
6640,2024,1,-49.98
6640,2024,2,-40.48
6640,2024,3,-45.48
6640,2024,4,-40.48
6640,2024,5,-48.48
6640,2024,6,-39.48
6640,2024,7,-37.48
6640,2024,8,-33.98
6640,2024,9,-33.98
6640,2024,10,-37.98
6640,2024,11,-39.48
6640,2024,12,-43.48
6642,2024,1,-7.73
6642,2024,2,-10.73
6642,2024,3,-24.73
6642,2024,4,-26.73
6642,2024,5,-18.73
6642,2024,6,-19.73
6642,2024,7,-30.23
6642,2024,8,-25.23
6642,2024,9,-38.23
6642,2024,10,-30.73
6642,2024,11,-18.73
6642,2024,12,-24.23
6699,2024,1,10.50
6699,2024,2,10.50
6699,2024,3,4.50
6699,2024,4,4.50
6699,2024,5,4.50
6699,2024,6,10.50
6699,2024,7,4.50
6699,2024,8,10.50
6699,2024,9,16.50
6699,2024,10,4.50
6699,2024,11,12.00
6699,2024,12,3.50
6719,2024,1,-4.98
6719,2024,2,-1.98
6719,2024,3,-7.98
6719,2024,4,-10.98
6719,2024,5,-18.98
6719,2024,6,-11.98
6719,2024,7,-22.98
6719,2024,8,-17.98
6719,2024,9,-20.98
6719,2024,10,-35.48
6719,2024,11,-28.48
6719,2024,12,-10.98
6750,2024,1,16.00
6750,2024,2,2.50
6750,2024,3,-10.00
6750,2024,4,11.50
6750,2024,5,-1.50
6750,2024,6,-15.50
6750,2024,7,5.50
6750,2024,8,-6.50
6750,2024,9,-18.50
6750,2024,10,5.50
6750,2024,11,-6.50
6750,2024,12,-20.00
6941,2024,1,9.15
6941,2024,2,5.48
6941,2024,3,-1.18
6941,2024,4,-8.52
6941,2024,5,-7.35
6941,2024,6,4.82
6941,2024,7,-6.68
6941,2024,8,-2.18
6941,2024,9,2.98
6941,2024,10,13.98
6941,2024,11,17.65
6941,2024,12,16.48
6986,2024,1,-41.10
6986,2024,2,-37.10
6986,2024,3,-43.10
6986,2024,4,-48.10
6986,2024,5,-48.60
6986,2024,6,-42.10
6986,2024,7,-57.60
6986,2024,8,-47.60
6986,2024,9,-47.10
6986,2024,10,-52.60
6986,2024,11,-48.10
6986,2024,12,-55.60
7064,2024,1,-10.48
7064,2024,2,-25.48
7064,2024,3,-41.48
7064,2024,4,-18.48
7064,2024,5,-32.98
7064,2024,6,-48.98
7064,2024,7,-24.98
7064,2024,8,-36.98
7064,2024,9,-48.98
7064,2024,10,-24.98
7064,2024,11,-37.98
7064,2024,12,-52.98
7169,2024,1,17.50
7169,2024,2,17.50
7169,2024,3,11.50
7169,2024,4,11.50
7169,2024,5,11.50
7169,2024,6,17.50
7169,2024,7,11.50
7169,2024,8,17.50
7169,2024,9,23.50
7169,2024,10,17.50
7169,2024,11,30.50
7169,2024,12,23.50
7224,2024,1,19.50
7224,2024,2,2.50
7224,2024,3,-9.50
7224,2024,4,3.00
7224,2024,5,-21.00
7224,2024,6,-36.50
7224,2024,7,-18.00
7224,2024,8,-34.00
7224,2024,9,-46.00
7224,2024,10,-22.00
7224,2024,11,-34.00
7224,2024,12,-46.00
7251,2024,1,-2.00
7251,2024,2,-14.00
7251,2024,3,-26.00
7251,2024,4,-2.00
7251,2024,5,-17.00
7251,2024,6,-30.00
7251,2024,7,-6.50
7251,2024,8,-18.50
7251,2024,9,-30.50
7251,2024,10,-6.50
7251,2024,11,-19.00
7251,2024,12,-32.50
7318,2024,1,38.50
7318,2024,2,45.50
7318,2024,3,37.50
7318,2024,4,30.50
7318,2024,5,31.50
7318,2024,6,41.50
7318,2024,7,34.50
7318,2024,8,47.00
7318,2024,9,47.00
7318,2024,10,44.50
7318,2024,11,57.00
7318,2024,12,54.00
7350,2024,1,57.10
7350,2024,2,57.10
7350,2024,3,57.10
7350,2024,4,50.27
7350,2024,5,44.93
7350,2024,6,28.93
7350,2024,7,22.43
7350,2024,8,22.43
7350,2024,9,19.87
7350,2024,10,14.53
7350,2024,11,-1.30
7350,2024,12,-1.63
7407,2024,1,6.50
7407,2024,2,7.50
7407,2024,3,2.00
7407,2024,4,-1.00
7407,2024,5,-5.50
7407,2024,6,4.50
7407,2024,7,-17.50
7407,2024,8,-13.00
7407,2024,9,-8.00
7407,2024,10,-9.00
7407,2024,11,-1.50
7407,2024,12,-5.50
7428,2024,1,-33.50
7428,2024,2,-26.00
7428,2024,3,-30.17
7428,2024,4,-33.00
7428,2024,5,-40.00
7428,2024,6,-38.33
7428,2024,7,-49.17
7428,2024,8,-27.02
7428,2024,9,-28.85
7428,2024,10,-34.68
7428,2024,11,-20.18
7428,2024,12,-23.68
7561,2024,1,-7.50
7561,2024,2,-7.00
7561,2024,3,-15.50
7561,2024,4,-15.00
7561,2024,5,-15.00
7561,2024,6,-15.00
7561,2024,7,-28.00
7561,2024,8,-23.00
7561,2024,9,-33.00
7561,2024,10,-38.00
7561,2024,11,-29.00
7561,2024,12,-28.00
7620,2024,1,37.50
7620,2024,2,8.50
7620,2024,3,-4.00
7620,2024,4,20.00
7620,2024,5,5.00
7620,2024,6,-9.00
7620,2024,7,15.00
7620,2024,8,2.50
7620,2024,9,-9.50
7620,2024,10,14.50
7620,2024,11,2.50
7620,2024,12,-9.50
7640,2024,1,3.00
7640,2024,2,6.00
7640,2024,3,-0.50
7640,2024,4,-1.00
7640,2024,5,0.50
7640,2024,6,-2.50
7640,2024,7,-9.00
7640,2024,8,-16.00
7640,2024,9,-11.00
7640,2024,10,-19.00
7640,2024,11,-22.00
7640,2024,12,-26.00
7653,2024,1,16.02
7653,2024,2,13.02
7653,2024,3,10.02
7653,2024,4,6.52
7653,2024,5,-1.48
7653,2024,6,2.02
7653,2024,7,-1.48
7653,2024,8,1.02
7653,2024,9,11.52
7653,2024,10,22.02
7653,2024,11,19.02
7653,2024,12,20.52
7698,2024,1,33.80
7698,2024,2,29.80
7698,2024,3,14.80
7698,2024,4,14.80
7698,2024,5,7.80
7698,2024,6,7.80
7709,2024,1,100.25
7709,2024,2,106.75
7709,2024,3,117.75
7709,2024,4,91.75
7709,2024,5,93.25
7709,2024,6,93.25
7709,2024,7,90.25
7709,2024,8,100.25
7709,2024,9,111.75
7709,2024,10,107.75
7709,2024,11,111.75
7709,2024,12,105.75
7844,2024,1,17.00
7844,2024,2,21.00
7844,2024,3,5.00
7844,2024,4,0.00
7875,2024,1,61.50
7875,2024,2,15.50
7875,2024,3,3.50
7875,2024,4,27.00
7875,2024,5,15.00
7875,2024,6,3.00
7875,2024,7,25.00
7875,2024,8,13.00
7875,2024,9,0.00
7875,2024,10,24.00
7875,2024,11,12.00
7875,2024,12,-7.00
7905,2024,1,4.10
7905,2024,2,4.10
7905,2024,3,4.10
7905,2024,4,1.10
7905,2024,5,-24.23
7905,2024,6,-24.23
7905,2024,7,-29.23
7905,2024,8,-29.23
7905,2024,9,-29.23
7905,2024,10,-29.23
7905,2024,11,-29.23
7905,2024,12,-41.90
7911,2024,1,-9.80
7911,2024,2,-9.80
7911,2024,3,-13.52
7911,2024,4,-13.52
7911,2024,5,-19.57
7911,2024,6,-19.57
7911,2024,7,-32.60
7911,2024,8,-32.60
7911,2024,9,-32.60
7911,2024,10,-49.65
7911,2024,11,-24.32
7911,2024,12,-24.32
7913,2024,1,9.50
7913,2024,2,11.50
7913,2024,3,8.05
7913,2024,4,6.05
7913,2024,5,7.05
7913,2024,6,22.05
7913,2024,7,13.05
7913,2024,8,16.05
7913,2024,9,19.05
7913,2024,10,18.05
7913,2024,11,29.05
7913,2024,12,25.05
7945,2024,1,21.57
7945,2024,2,32.90
7945,2024,3,28.07
7945,2024,4,27.07
7945,2024,5,24.23
7945,2024,6,23.73
7945,2024,7,18.23
7945,2024,8,25.73
7945,2024,9,34.73
7945,2024,10,22.23
7945,2024,11,37.23
7945,2024,12,39.73
7949,2024,1,27.43
7949,2024,2,17.23
7949,2024,3,8.43
7949,2024,4,22.03
7949,2024,5,12.43
7949,2024,6,4.43
7949,2024,7,19.63
7949,2024,8,-2.17
7949,2024,9,-11.77
7949,2024,10,-1.77
7949,2024,11,-9.87
7949,2024,12,-18.97
8016,2024,1,12.67
8016,2024,2,18.67
8016,2024,3,12.00
8016,2024,4,11.67
8016,2024,5,11.33
8016,2024,6,17.33
8016,2024,7,10.67
8016,2024,8,16.67
8016,2024,9,22.67
8016,2024,10,16.00
8016,2024,11,22.00
8016,2024,12,21.67
8098,2024,1,14.50
8098,2024,2,27.50
8098,2024,3,18.50
8098,2024,4,12.50
8098,2024,5,9.50
8098,2024,6,16.00
8098,2024,7,10.50
8098,2024,8,22.50
8098,2024,9,27.00
8098,2024,10,33.00
8098,2024,11,38.00
8098,2024,12,41.00
8099,2024,1,52.50
8099,2024,2,53.50
8099,2024,3,37.00
8099,2024,4,40.00
8099,2024,5,51.00
8099,2024,6,46.50
8099,2024,7,41.00
8099,2024,8,37.50
8099,2024,9,68.00
8099,2024,10,66.00
8099,2024,11,78.00
8099,2024,12,76.00
8100,2024,1,-20.00
8100,2024,2,-20.00
8100,2024,3,-26.00
8100,2024,4,-26.00
8100,2024,5,-26.00
8100,2024,6,-20.00
8100,2024,7,-26.00
8100,2024,8,-20.00
8100,2024,9,-14.00
8100,2024,10,-20.00
8101,2024,1,33.50
8101,2024,2,9.50
8101,2024,3,1.00
8101,2024,4,25.00
8101,2024,5,11.50
8101,2024,6,-5.50
8101,2024,7,17.50
8101,2024,8,4.00
8101,2024,9,-8.00
8101,2024,10,13.50
8101,2024,11,1.50
8101,2024,12,-10.50
8102,2024,1,18.00
8102,2024,2,18.50
8102,2024,3,21.50
8102,2024,4,31.00
8102,2024,5,30.50
8102,2024,6,36.00
8102,2024,7,25.00
8102,2024,8,42.50
8102,2024,9,54.50
8102,2024,10,49.00
8102,2024,11,54.00
8102,2024,12,46.00
8103,2024,1,55.50
8103,2024,2,63.50
8103,2024,3,57.00
8103,2024,4,52.00
8103,2024,5,51.00
8103,2024,6,56.50
8103,2024,7,42.50
8103,2024,8,50.00
8103,2024,9,55.50
8103,2024,10,54.50
8103,2024,11,64.50
8103,2024,12,58.50
8104,2024,1,61.50
8104,2024,2,62.50
8104,2024,3,53.50
8104,2024,4,50.50
8104,2024,5,50.00
8104,2024,6,42.00
8104,2024,7,33.00
8104,2024,8,33.00
8104,2024,9,43.00
8104,2024,10,9.00
8104,2024,11,21.00
8104,2024,12,16.00
8105,2024,1,5.50
8105,2024,2,5.50
8105,2024,3,-0.50
8105,2024,4,-0.50
8105,2024,5,-0.50
8105,2024,6,5.50
8105,2024,7,-0.50
8105,2024,8,5.50
8105,2024,9,11.50
8105,2024,10,5.50
8105,2024,11,11.50
8105,2024,12,11.50
8107,2024,1,69.00
8107,2024,2,74.00
8107,2024,3,53.50
8107,2024,4,64.00
8107,2024,5,75.00
8107,2024,6,74.00
8107,2024,7,66.00
8107,2024,8,66.00
8107,2024,9,55.00
8107,2024,10,62.00
8107,2024,11,76.00
8107,2024,12,81.00
8108,2024,1,-0.50
8108,2024,2,-7.00
8108,2024,3,-12.50
8108,2024,4,-18.00
8108,2024,5,-11.00
8108,2024,6,-3.00
8108,2024,7,-16.00
8108,2024,8,-16.00
8108,2024,9,-1.00
8108,2024,10,-5.00
8108,2024,11,-3.00
8108,2024,12,-4.50
8109,2024,1,56.00
8109,2024,2,42.00
8109,2024,3,34.50
8109,2024,4,14.00
8109,2024,5,12.50
8109,2024,6,15.00
8109,2024,7,3.50
8109,2024,8,32.00
8109,2024,9,38.00
8109,2024,10,38.00
8109,2024,11,41.00
8109,2024,12,30.00
8110,2024,1,118.00
8110,2024,2,109.00
8110,2024,3,106.00
8110,2024,4,118.00
8110,2024,5,98.50
8110,2024,6,106.50
8110,2024,7,109.50
8110,2024,8,112.50
8110,2024,9,98.00
8110,2024,10,87.50
8110,2024,11,95.50
8110,2024,12,94.00
8112,2024,1,13.50
8112,2024,2,13.50
8112,2024,3,7.50
8112,2024,4,7.50
8112,2024,5,7.50
8112,2024,6,13.50
8112,2024,7,7.50
8112,2024,8,13.50
8112,2024,9,19.50
8112,2024,10,13.50
8112,2024,11,19.50
8112,2024,12,19.50
8113,2024,1,40.20
8113,2024,2,41.20
8113,2024,3,29.20
8113,2024,4,38.20
8113,2024,5,36.20
8113,2024,6,41.20
8113,2024,7,53.20
8113,2024,8,51.70
8113,2024,9,53.20
8113,2024,10,55.20
8113,2024,11,64.70
8113,2024,12,59.70
8114,2024,1,27.00
8114,2024,2,25.50
8114,2024,3,22.00
8114,2024,4,19.50
8114,2024,5,17.00
8114,2024,6,15.00
8114,2024,7,19.50
8114,2024,8,16.50
8114,2024,9,17.50
8114,2024,10,15.50
8114,2024,11,20.50
8114,2024,12,31.50
8116,2024,1,-33.53
8116,2024,2,-29.23
8116,2024,3,-34.82
8116,2024,4,-39.62
8116,2024,5,-39.02
8116,2024,6,-31.32
8116,2024,7,-43.82
8116,2024,8,-37.82
8116,2024,9,-33.02
8116,2024,10,-34.22
8116,2024,11,-27.22
8116,2024,12,-36.82
8117,2024,1,-24.50
8117,2024,2,-30.50
8117,2024,3,-61.50
8117,2024,4,-61.00
8117,2024,5,-54.50
8117,2024,6,-42.00
8117,2024,7,-46.50
8117,2024,8,-30.00
8117,2024,9,-17.00
8117,2024,10,-23.00
8117,2024,11,-17.00
8117,2024,12,-17.00
8118,2024,1,19.38
8118,2024,2,6.88
8118,2024,3,-5.62
8118,2024,4,18.38
8118,2024,5,6.38
8118,2024,6,-6.12
8118,2024,7,15.38
8118,2024,8,-0.12
8118,2024,9,-12.12
8118,2024,10,19.88
8120,2024,1,49.00
8120,2024,2,52.50
8120,2024,3,52.00
8120,2024,4,54.50
8120,2024,5,57.00
8120,2024,6,57.00
8120,2024,7,51.00
8120,2024,8,44.00
8120,2024,9,54.50
8120,2024,10,58.00
8120,2024,11,68.50
8120,2024,12,61.50
8121,2024,1,6.53
8121,2024,2,7.03
8121,2024,3,-4.47
8121,2024,4,-12.47
8121,2024,5,-23.47
8121,2024,6,-18.47
8121,2024,7,-2.47
8121,2024,8,-2.47
8121,2024,9,3.03
8121,2024,10,-3.97
8121,2024,11,-13.47
8121,2024,12,-3.97
8122,2024,1,33.50
8122,2024,2,38.50
8122,2024,3,35.50
8122,2024,4,28.50
8122,2024,5,38.00
8122,2024,6,39.50
8122,2024,7,37.50
8122,2024,8,41.50
8122,2024,9,40.00
8122,2024,10,52.00
8122,2024,11,53.50
8122,2024,12,49.00
8125,2024,1,56.00
8125,2024,2,53.00
8125,2024,3,28.50
8125,2024,4,38.50
8125,2024,5,41.50
8125,2024,6,50.50
8125,2024,7,48.00
8125,2024,8,51.50
8125,2024,9,68.50
8125,2024,10,60.00
8125,2024,11,71.00
8125,2024,12,66.00
8126,2024,1,133.50
8126,2024,2,116.50
8126,2024,3,84.00
8126,2024,4,71.00
8126,2024,5,71.00
8126,2024,6,68.50
8126,2024,7,47.50
8126,2024,8,43.00
8126,2024,9,50.50
8126,2024,10,47.50
8126,2024,11,53.00
8126,2024,12,51.00
8127,2024,1,63.00
8127,2024,2,70.00
8127,2024,3,61.00
8127,2024,4,71.50
8127,2024,5,78.50
8127,2024,6,94.50
8127,2024,7,97.50
8127,2024,8,93.00
8127,2024,9,105.00
8127,2024,10,106.50
8127,2024,11,115.50
8127,2024,12,110.50
8128,2024,1,50.00
8128,2024,2,71.00
8128,2024,3,45.00
8128,2024,4,51.00
8128,2024,5,49.00
8128,2024,6,52.50
8128,2024,7,45.50
8128,2024,8,50.00
8128,2024,9,44.00
8128,2024,10,46.00
8128,2024,11,48.00
8128,2024,12,45.00
8129,2024,1,44.50
8129,2024,2,42.00
8129,2024,3,44.00
8129,2024,4,39.50
8129,2024,5,32.00
8129,2024,6,37.00
8129,2024,7,37.00
8129,2024,8,36.00
8129,2024,9,43.00
8129,2024,10,37.00
8129,2024,11,48.00
8129,2024,12,50.00
8130,2024,1,93.00
8130,2024,2,90.50
8130,2024,3,102.50
8130,2024,4,104.00
8130,2024,5,96.50
8130,2024,6,101.50
8130,2024,7,106.50
8130,2024,8,117.50
8130,2024,9,129.50
8130,2024,10,120.50
8130,2024,11,130.50
8130,2024,12,122.50
8131,2024,1,2.00
8131,2024,2,2.00
8131,2024,3,-4.00
8131,2024,4,-4.00
8131,2024,5,-4.00
8131,2024,6,2.00
8131,2024,7,-4.00
8131,2024,8,2.00
8131,2024,9,8.00
8131,2024,10,2.00
8131,2024,11,8.00
8131,2024,12,8.00
8132,2024,1,-7.90
8132,2024,2,-1.90
8132,2024,3,-6.98
8132,2024,4,-11.78
8132,2024,5,-17.98
8132,2024,6,-12.18
8132,2024,7,-20.08
8132,2024,8,-14.88
8132,2024,9,-10.08
8132,2024,10,-15.78
8132,2024,11,-10.78
8132,2024,12,-19.18
8133,2024,1,-18.00
8133,2024,2,-30.00
8133,2024,3,-36.00
8133,2024,4,-36.00
8134,2024,1,113.73
8134,2024,2,119.73
8134,2024,3,89.73
8134,2024,4,94.73
8134,2024,5,96.23
8134,2024,6,80.73
8134,2024,7,69.73
8134,2024,8,73.73
8134,2024,9,86.73
8135,2024,1,98.50
8135,2024,2,102.00
8135,2024,3,86.50
8135,2024,4,90.00
8135,2024,5,96.00
8135,2024,6,87.00
8135,2024,7,94.50
8135,2024,8,103.50
8135,2024,9,115.50
8135,2024,10,114.50
8135,2024,11,116.50
8135,2024,12,110.50
8137,2024,1,88.00
8137,2024,2,93.00
8137,2024,3,90.50
8137,2024,4,96.50
8137,2024,5,101.50
8137,2024,6,106.50
8137,2024,7,111.50
8137,2024,8,123.50
8137,2024,9,132.50
8137,2024,10,129.00
8137,2024,11,140.00
8137,2024,12,145.00
8138,2024,1,14.00
8138,2024,2,11.00
8138,2024,3,11.50
8138,2024,4,18.50
8138,2024,5,6.50
8138,2024,6,8.00
8138,2024,7,0.00
8138,2024,8,12.50
8138,2024,9,15.50
8138,2024,10,18.50
8138,2024,11,17.00
8138,2024,12,15.00
8139,2024,1,81.00
8139,2024,2,70.50
8139,2024,3,47.00
8139,2024,4,30.50
8139,2024,5,22.50
8139,2024,6,22.50
8139,2024,7,12.00
8139,2024,8,11.00
8139,2024,9,11.50
8139,2024,10,0.50
8139,2024,11,-1.50
8139,2024,12,-1.50
8141,2024,1,35.50
8141,2024,2,46.50
8141,2024,3,27.50
8141,2024,4,36.50
8141,2024,5,31.00
8141,2024,6,42.00
8141,2024,7,49.00
8141,2024,8,50.00
8141,2024,9,40.50
8141,2024,10,31.00
8141,2024,11,38.50
8141,2024,12,43.50
8142,2024,1,-7.48
8142,2024,2,2.52
8142,2024,3,-16.48
8142,2024,4,-10.98
8142,2024,5,-20.48
8142,2024,6,-12.48
8142,2024,7,-12.98
8142,2024,8,-9.48
8142,2024,9,-11.98
8142,2024,10,-15.48
8142,2024,11,-13.98
8142,2024,12,-14.98
8144,2024,1,64.00
8144,2024,2,56.00
8144,2024,3,19.50
8144,2024,4,27.50
8144,2024,5,28.50
8144,2024,6,29.50
8144,2024,7,23.50
8144,2024,8,24.50
8144,2024,9,15.50
8144,2024,10,10.50
8144,2024,11,19.00
8144,2024,12,22.00
8145,2024,1,113.00
8145,2024,2,107.00
8145,2024,3,95.00
8145,2024,4,87.00
8145,2024,5,86.00
8145,2024,6,92.50
8145,2024,7,81.00
8145,2024,8,84.50
8145,2024,9,99.00
8145,2024,10,100.50
8145,2024,11,87.50
8145,2024,12,90.07
8146,2024,1,-33.50
8146,2024,2,-26.50
8146,2024,3,-49.50
8146,2024,4,-59.00
8146,2024,5,-62.00
8146,2024,6,-57.00
8146,2024,7,-54.50
8146,2024,8,-50.00
8146,2024,9,-47.00
8146,2024,10,-42.50
8146,2024,11,-39.00
8146,2024,12,-36.00
8147,2024,1,-88.95
8147,2024,2,-87.95
8147,2024,3,-87.95
8147,2024,4,-97.65
8147,2024,5,-96.45
8147,2024,6,-87.35
8147,2024,7,-93.35
8147,2024,8,-83.75
8147,2024,9,-84.95
8147,2024,10,-90.95
8147,2024,11,-82.55
8147,2024,12,-85.65
8148,2024,1,193.00
8148,2024,2,191.00
8148,2024,3,156.00
8148,2024,4,161.00
8148,2024,5,158.50
8148,2024,6,148.50
8148,2024,7,155.50
8148,2024,8,154.50
8148,2024,9,124.50
8148,2024,10,115.50
8148,2024,11,124.00
8148,2024,12,135.00
8149,2024,1,15.00
8149,2024,2,14.50
8149,2024,3,1.00
8149,2024,4,12.00
8149,2024,5,18.50
8149,2024,6,23.50
8149,2024,7,29.50
8149,2024,8,33.00
8149,2024,9,30.00
8149,2024,10,32.50
8149,2024,11,30.50
8149,2024,12,39.50
8150,2024,1,138.00
8150,2024,2,132.50
8150,2024,3,125.50
8150,2024,4,142.00
8150,2024,5,130.50
8150,2024,6,98.00
8150,2024,7,65.50
8150,2024,8,66.50
8150,2024,9,76.50
8150,2024,10,80.50
8150,2024,11,84.50
8150,2024,12,61.50
8151,2024,1,11.00
8151,2024,2,12.50
8151,2024,3,0.50
8151,2024,4,13.50
8151,2024,5,4.50
8151,2024,6,12.00
8151,2024,7,17.50
8151,2024,8,22.00
8151,2024,9,21.00
8151,2024,10,23.50
8151,2024,11,26.00
8151,2024,12,21.50
8152,2024,1,37.00
8152,2024,2,57.00
8152,2024,3,41.50
8152,2024,4,45.00
8152,2024,5,47.00
8152,2024,6,52.00
8152,2024,7,42.50
8152,2024,8,55.50
8152,2024,9,66.50
8152,2024,10,71.00
8152,2024,11,81.00
8152,2024,12,70.00
8153,2024,1,-814.50
8153,2024,2,-900.50
8153,2024,3,-998.83
8153,2024,4,-1096.83
8153,2024,5,-1167.00
8153,2024,6,-1250.50
8153,2024,7,-1342.67
8153,2024,8,-1415.83
8153,2024,9,-1486.67
8153,2024,10,-1594.67
8153,2024,11,-1677.00
8153,2024,12,-1761.83
8196,2024,1,26.40
8196,2024,2,18.10
8196,2024,3,1.50
8196,2024,4,15.90
8196,2024,5,4.70
8196,2024,6,-3.30
8196,2024,7,11.90
8196,2024,8,3.90
8196,2024,9,-4.10
8196,2024,10,8.70
8196,2024,11,-0.10
8196,2024,12,-9.70
8199,2024,1,149.70
8199,2024,2,120.20
8199,2024,3,88.20
8199,2024,4,107.70
8199,2024,5,80.20
8199,2024,6,48.20
8199,2024,7,29.70
8199,2024,8,11.20
8199,2024,9,-36.30
8199,2024,10,-12.80
8199,2024,11,-24.80
8199,2024,12,-40.30
8201,2024,1,0.28
8201,2024,2,0.28
8201,2024,3,0.28
8201,2024,4,-20.47
8201,2024,5,-20.47
8201,2024,6,-20.47
8201,2024,7,-41.65
8201,2024,8,-41.65
8201,2024,9,-41.65
8201,2024,10,-71.65
8201,2024,11,-71.65
8201,2024,12,-71.65
8203,2024,1,64.00
8203,2024,2,52.00
8203,2024,3,42.50
8203,2024,4,44.50
8203,2024,5,35.00
8203,2024,6,39.00
8203,2024,7,24.00
8203,2024,8,24.00
8203,2024,9,22.50
8203,2024,10,20.00
8203,2024,11,23.00
8203,2024,12,32.00
8204,2024,1,13.00
8204,2024,2,17.00
8204,2024,3,0.50
8204,2024,4,17.00
8204,2024,5,4.50
8204,2024,6,1.00
8204,2024,7,-1.50
8204,2024,8,3.50
8204,2024,9,7.50
8204,2024,10,6.50
8204,2024,11,11.50
8204,2024,12,7.50
8208,2024,1,1.00
8208,2024,2,-18.00
8208,2024,3,-31.00
8208,2024,4,-7.00
8208,2024,5,-20.50
8208,2024,6,-32.50
8208,2024,7,-10.00
8208,2024,8,-25.50
8208,2024,9,-40.50
8208,2024,10,-16.50
8208,2024,11,-28.50
8208,2024,12,-45.50
8228,2024,1,4.50
8228,2024,2,12.00
8228,2024,3,8.00
8228,2024,4,3.50
8228,2024,5,0.00
8228,2024,6,9.00
8228,2024,7,-3.50
8228,2024,8,1.50
8228,2024,9,5.00
8228,2024,10,0.50
8228,2024,11,6.50
8228,2024,12,-5.50
8229,2024,1,0.33
8229,2024,2,0.33
8229,2024,3,0.33
8229,2024,4,-139.67
8229,2024,5,-139.67
8229,2024,6,-139.67
8229,2024,7,-238.67
8229,2024,8,-238.67
8229,2024,9,-232.67
8229,2024,10,-239.33
8229,2024,11,-239.33
8229,2024,12,-239.33
8233,2024,1,12.25
8233,2024,2,16.25
8233,2024,3,4.25
8233,2024,4,3.75
8233,2024,5,0.75
8233,2024,6,16.75
8233,2024,7,18.75
8233,2024,8,8.75
8233,2024,9,15.75
8233,2024,10,7.75
8233,2024,11,5.75
8233,2024,12,0.75
8238,2024,1,1.03
8238,2024,2,-0.63
8238,2024,3,-23.63
8238,2024,4,-14.30
8238,2024,5,-23.63
8238,2024,6,-23.13
8238,2024,7,-27.47
8239,2024,1,-57.00
8239,2024,2,-51.00
8239,2024,3,-53.50
8239,2024,4,-63.50
8239,2024,5,-63.50
8239,2024,6,-56.00
8239,2024,7,-68.50
8239,2024,8,-58.50
8239,2024,9,-61.00
8239,2024,10,-63.50
8239,2024,11,-56.00
8239,2024,12,-66.50
8240,2024,1,72.00
8240,2024,2,50.00
8240,2024,3,14.00
8240,2024,4,26.00
8240,2024,5,-3.17
8240,2024,6,-18.67
8240,2024,7,4.67
8240,2024,8,-7.83
8240,2024,9,-25.50
8240,2024,10,-1.50
8240,2024,11,-31.83
8240,2024,12,-44.17
8241,2024,1,43.50
8241,2024,2,51.50
8241,2024,3,48.00
8241,2024,4,44.50
8241,2024,5,44.50
8241,2024,6,44.00
8241,2024,7,7.00
8242,2024,1,27.00
8242,2024,2,25.50
8242,2024,3,21.00
8242,2024,4,18.00
8242,2024,5,23.00
8242,2024,6,29.00
8242,2024,7,22.00
8242,2024,8,34.00
8242,2024,9,44.00
8242,2024,10,39.00
8242,2024,11,48.00
8242,2024,12,44.50
8243,2024,1,48.00
8243,2024,2,53.50
8243,2024,3,46.50
8243,2024,4,42.50
8243,2024,5,43.50
8243,2024,6,51.50
8243,2024,7,42.50
8243,2024,8,56.50
8243,2024,9,55.50
8243,2024,10,49.00
8243,2024,11,57.00
8243,2024,12,51.00
8249,2024,1,38.50
8249,2024,2,38.50
8249,2024,3,32.50
8249,2024,4,32.50
8249,2024,5,32.50
8249,2024,6,38.50
8249,2024,7,32.50
8249,2024,8,38.50
8249,2024,9,44.50
8249,2024,10,38.50
8249,2024,11,35.50
8249,2024,12,35.50
8250,2024,1,28.50
8250,2024,2,34.00
8250,2024,3,18.50
8250,2024,4,17.50
8250,2024,5,13.50
8250,2024,6,13.00
8250,2024,7,3.00
8250,2024,8,13.50
8250,2024,9,20.50
8250,2024,10,21.50
8250,2024,11,22.50
8250,2024,12,27.00
8251,2024,1,-92.95
8251,2024,2,-92.95
8251,2024,3,-98.27
8251,2024,4,-98.27
8251,2024,5,-106.42
8251,2024,6,-106.42
8251,2024,7,-122.78
8251,2024,8,-122.78
8251,2024,9,-122.78
8251,2024,10,-133.83
8251,2024,11,-134.42
8251,2024,12,-139.92
8253,2024,1,43.00
8253,2024,2,42.50
8253,2024,3,38.50
8253,2024,4,36.50
8253,2024,5,37.50
8253,2024,6,50.00
8253,2024,7,41.00
8253,2024,8,50.00
8253,2024,9,54.00
8253,2024,10,47.00
8253,2024,11,59.00
8253,2024,12,56.50
8254,2024,1,18.00
8254,2024,2,2.50
8254,2024,3,-12.50
8254,2024,4,0.50
8254,2024,5,-10.00
8254,2024,6,0.00
8255,2024,1,29.40
8255,2024,2,16.40
8255,2024,3,9.73
8255,2024,4,9.40
8255,2024,5,9.07
8255,2024,6,15.07
8255,2024,7,8.40
8255,2024,8,14.40
8255,2024,9,20.40
8255,2024,10,13.73
8255,2024,11,19.73
8255,2024,12,19.40
8259,2024,1,8.00
8259,2024,2,-2.50
8259,2024,3,-9.50
8259,2024,4,-19.50
8259,2024,5,-32.50
8259,2024,6,-37.50
8259,2024,7,-47.00
8259,2024,8,-38.00
8259,2024,9,-35.50
8259,2024,10,-38.00
8260,2024,1,74.00
8260,2024,2,71.50
8260,2024,3,65.00
8260,2024,4,76.00
8260,2024,5,69.50
8260,2024,6,69.50
8260,2024,7,71.00
8260,2024,8,82.00
8260,2024,9,94.00
8260,2024,10,94.00
8260,2024,11,93.00
8260,2024,12,99.00
8265,2024,1,24.50
8265,2024,2,29.00
8265,2024,3,17.50
8265,2024,4,14.00
8265,2024,5,22.50
8265,2024,6,30.50
8265,2024,7,19.50
8265,2024,8,25.50
8265,2024,9,32.50
8265,2024,10,29.50
8265,2024,11,40.00
8265,2024,12,32.00
8267,2024,1,34.50
8267,2024,2,41.00
8267,2024,3,31.50
8267,2024,4,32.00
8267,2024,5,28.00
8267,2024,6,37.50
8267,2024,7,24.50
8267,2024,8,37.50
8267,2024,9,44.50
8267,2024,10,42.00
8267,2024,11,53.00
8267,2024,12,55.00
8280,2024,1,15.83
8280,2024,2,21.17
8280,2024,3,11.17
8280,2024,4,-4.33
8280,2024,5,-5.50
8280,2024,6,0.00
8280,2024,7,-12.33
8280,2024,8,-2.50
8280,2024,9,3.17
8280,2024,10,3.17
8280,2024,11,14.17
8280,2024,12,17.17
8283,2024,1,18.00
8283,2024,2,18.00
8283,2024,3,10.00
8283,2024,4,9.50
8283,2024,5,24.50
8283,2024,6,35.50
8283,2024,7,26.50
8283,2024,8,37.50
8283,2024,9,40.50
8283,2024,10,34.50
8283,2024,11,47.50
8283,2024,12,42.00
8286,2024,1,17.50
8286,2024,2,17.50
8286,2024,3,15.50
8286,2024,4,13.50
8286,2024,5,15.50
8286,2024,6,24.50
8286,2024,7,14.50
8286,2024,8,23.50
8286,2024,9,27.50
8286,2024,10,23.50
8286,2024,11,34.50
8286,2024,12,31.00
8290,2024,1,34.00
8290,2024,2,36.00
8290,2024,3,26.00
8290,2024,4,25.00
8290,2024,5,20.50
8290,2024,6,34.50
8290,2024,7,28.50
8290,2024,8,37.00
8290,2024,9,41.00
8290,2024,10,41.00
8290,2024,11,56.00
8290,2024,12,61.50
8297,2024,1,1.60
8297,2024,2,1.60
8297,2024,3,1.60
8297,2024,4,-42.40
8297,2024,5,-42.40
8297,2024,6,-42.40
8297,2024,7,-123.40
8297,2024,8,-123.40
8297,2024,9,-123.40
8297,2024,10,-223.40
8297,2024,11,-223.40
8297,2024,12,-223.40
8300,2024,1,25.00
8300,2024,2,26.50
8300,2024,3,24.50
8300,2024,4,22.50
8300,2024,5,23.50
8300,2024,6,25.50
8300,2024,7,16.00
8300,2024,8,34.00
8300,2024,9,38.00
8300,2024,10,36.00
8300,2024,11,43.50
8300,2024,12,46.00
8303,2024,1,46.00
8303,2024,2,43.00
8303,2024,3,28.50
8303,2024,4,25.50
8303,2024,5,27.50
8303,2024,6,35.00
8303,2024,7,33.00
8303,2024,8,39.00
8303,2024,9,40.00
8303,2024,10,42.00
8303,2024,11,32.50
8303,2024,12,36.50
8304,2024,1,10.50
8304,2024,2,14.00
8304,2024,3,-6.50
8304,2024,4,5.50
8304,2024,5,-10.00
8304,2024,6,-1.50
8304,2024,7,3.00
8304,2024,8,8.00
8304,2024,9,19.00
8304,2024,10,8.50
8304,2024,11,15.00
8304,2024,12,19.00
8306,2024,1,26.50
8306,2024,2,22.50
8306,2024,3,18.50
8306,2024,4,19.50
8306,2024,5,29.50
8306,2024,6,29.50
8306,2024,7,26.50
8306,2024,8,30.00
8306,2024,9,34.50
8306,2024,10,42.00
8306,2024,11,40.00
8306,2024,12,32.50
8307,2024,1,2.35
8307,2024,2,0.27
8307,2024,3,-5.92
8307,2024,4,-16.62
8308,2024,1,11.50
8308,2024,2,11.50
8308,2024,3,9.50
8308,2024,4,8.00
8308,2024,5,11.00
8308,2024,6,20.50
8308,2024,7,11.00
8308,2024,8,18.00
8308,2024,9,19.00
8308,2024,10,14.00
8308,2024,11,25.00
8308,2024,12,27.00
8326,2024,1,-1.50
8326,2024,2,4.00
8326,2024,3,2.50
8326,2024,4,4.50
8326,2024,5,6.00
8326,2024,6,18.00
8326,2024,7,12.00
8326,2024,8,12.00
8328,2024,1,33.00
8328,2024,2,42.00
8328,2024,3,29.50
8328,2024,4,26.00
8328,2024,5,24.00
8328,2024,6,28.50
8328,2024,7,19.50
8328,2024,8,32.50
8328,2024,9,37.50
8328,2024,10,28.00
8328,2024,11,38.50
8328,2024,12,35.00
8340,2024,1,0.10
8340,2024,2,0.10
8340,2024,3,-12.57
8340,2024,4,-12.57
8340,2024,5,-18.90
8340,2024,6,-44.23
8340,2024,7,-50.95
8340,2024,8,-57.28
8340,2024,9,-57.28
8340,2024,10,-57.28
8340,2024,11,-57.28
8340,2024,12,-86.40
8342,2024,1,-16.75
8342,2024,2,-14.75
8342,2024,3,-20.75
8342,2024,4,-20.75
8342,2024,5,-21.75
8342,2024,6,-15.75
8342,2024,7,-25.75
8342,2024,8,-18.75
8342,2024,9,-14.75
8342,2024,10,-19.75
8342,2024,11,-11.75
8342,2024,12,-16.75
8343,2024,1,-8.50
8343,2024,2,-4.75
8343,2024,3,-8.50
8343,2024,4,-14.50
8343,2024,5,-13.75
8343,2024,6,-16.00
8343,2024,7,-15.50
8343,2024,8,-7.75
8343,2024,9,-0.50
8343,2024,10,-2.50
8343,2024,11,-1.00
8343,2024,12,4.00
8344,2024,1,-4.25
8344,2024,2,-17.83
8344,2024,3,-28.50
8344,2024,4,-9.08
8344,2024,5,-22.92
8344,2024,6,-33.58
8344,2024,7,-12.25
8344,2024,8,-23.58
8344,2024,9,-35.25
8344,2024,10,-15.58
8344,2024,11,-26.25
8344,2024,12,-39.67
8345,2024,1,-5.75
8345,2024,2,-17.92
8345,2024,3,-28.58
8345,2024,4,-8.17
8345,2024,5,-20.17
8345,2024,6,-31.50
8345,2024,7,-10.17
8345,2024,8,-21.75
8345,2024,9,-32.92
8345,2024,10,-11.58
8345,2024,11,-23.42
8345,2024,12,-35.75
8346,2024,1,-0.75
8346,2024,2,14.25
8346,2024,3,11.25
8346,2024,4,2.00
8346,2024,5,2.00
8346,2024,6,11.25
8346,2024,7,0.25
8346,2024,8,13.25
8346,2024,9,16.25
8346,2024,10,4.25
8346,2024,11,16.25
8346,2024,12,7.25
8347,2024,1,4.50
8347,2024,2,4.50
8347,2024,3,3.00
8347,2024,4,-1.00
8347,2024,5,-2.50
8347,2024,6,4.00
8347,2024,7,-7.50
8347,2024,8,-1.00
8347,2024,9,1.00
8347,2024,10,-3.50
8347,2024,11,4.50
8347,2024,12,-0.50
8348,2024,1,-16.50
8348,2024,2,-10.50
8348,2024,3,-15.75
8348,2024,4,-22.50
8348,2024,5,-17.50
8348,2024,6,-12.25
8348,2024,7,-24.25
8349,2024,1,-17.00
8349,2024,2,-14.00
8349,2024,3,-18.00
8349,2024,4,-22.00
8349,2024,5,-22.00
8349,2024,6,-12.00
8349,2024,7,-19.00
8349,2024,8,-10.50
8349,2024,9,-23.50
8349,2024,10,-28.50
8349,2024,11,-23.50
8349,2024,12,-23.50
8350,2024,1,-14.75
8350,2024,2,-11.00
8350,2024,3,-18.25
8350,2024,4,-23.25
8350,2024,5,-21.75
8350,2024,6,-18.00
8350,2024,7,-30.00
8350,2024,8,-27.25
8350,2024,9,-22.00
8350,2024,10,-31.00
8350,2024,11,-25.00
8350,2024,12,-25.00
8352,2024,1,-1.00
8352,2024,2,1.50
8352,2024,3,-4.00
8352,2024,4,-8.25
8352,2024,5,-6.75
8352,2024,6,-1.75
8352,2024,7,6.25
8352,2024,8,16.25
8352,2024,9,13.25
8353,2024,1,-17.50
8353,2024,2,-13.50
8353,2024,3,-16.50
8353,2024,4,-21.50
8353,2024,5,-22.50
8353,2024,6,-17.50
8353,2024,7,-29.00
8353,2024,8,-22.50
8353,2024,9,-20.50
8353,2024,10,-26.00
8353,2024,11,-22.00
8353,2024,12,-31.00
8354,2024,1,-7.00
8354,2024,2,-2.00
8354,2024,3,-7.00
8354,2024,4,-11.00
8354,2024,5,-12.00
8354,2024,6,-10.00
8354,2024,7,-14.00
8354,2024,8,1.00
8354,2024,9,3.00
8354,2024,10,-2.00
8354,2024,11,6.00
8354,2024,12,3.00
8355,2024,1,4.00
8355,2024,2,4.00
8355,2024,3,1.00
8355,2024,4,-2.75
8355,2024,5,-3.50
8355,2024,6,0.25
8355,2024,7,-8.00
8355,2024,8,-2.00
8355,2024,9,-0.50
8355,2024,10,-3.50
8355,2024,11,2.50
8355,2024,12,-1.25
8356,2024,1,-12.00
8356,2024,2,-8.50
8356,2024,3,-15.50
8356,2024,4,-22.50
8356,2024,5,-20.00
8356,2024,6,-12.50
8356,2024,7,-24.50
8356,2024,8,-18.50
8356,2024,9,-15.50
8356,2024,10,-22.50
8356,2024,11,-13.00
8356,2024,12,-19.50
8365,2024,1,5.00
8365,2024,2,6.00
8365,2024,3,-8.00
8365,2024,4,-15.00
8365,2024,5,-15.50
8365,2024,6,-5.50
8365,2024,7,-1.50
8365,2024,8,5.50
8365,2024,9,10.00
8365,2024,10,5.50
8365,2024,11,7.00
8365,2024,12,-1.50
8366,2024,1,-8.00
8366,2024,2,-3.50
8366,2024,3,-14.33
8366,2024,4,-16.00
8366,2024,5,-13.50
8366,2024,6,-8.83
8366,2024,7,-15.50
8366,2024,8,-11.33
8366,2024,9,-13.00
8366,2024,10,-19.67
8366,2024,11,-7.33
8366,2024,12,-10.67
8368,2024,1,1.50
8368,2024,2,-10.50
8368,2024,3,-30.50
8368,2024,4,-6.50
8368,2024,5,-18.50
8368,2024,6,-30.50
8368,2024,7,-22.00
8368,2024,8,-34.00
8368,2024,9,-46.00
8368,2024,10,-22.00
8368,2024,11,-34.00
8368,2024,12,-48.50
8373,2024,1,9.00
8373,2024,2,5.00
8373,2024,3,3.00
8373,2024,4,3.00
8373,2024,5,6.00
8373,2024,6,18.50
8373,2024,7,10.00
8373,2024,8,28.00
8373,2024,9,35.00
8373,2024,10,28.50
8373,2024,11,40.00
8373,2024,12,35.00
8384,2024,1,38.00
8384,2024,2,33.50
8384,2024,3,22.00
8384,2024,4,23.50
8384,2024,5,8.00
8384,2024,6,17.00
8384,2024,7,15.50
8384,2024,8,18.50
8384,2024,9,14.00
8384,2024,10,23.00
8384,2024,11,6.00
8384,2024,12,-3.00
8386,2024,1,7.17
8386,2024,2,9.67
8386,2024,3,7.00
8386,2024,4,1.67
8386,2024,5,-4.33
8386,2024,6,-3.50
8386,2024,7,-8.83
8386,2024,8,-5.67
8386,2024,9,-3.50
8386,2024,10,-4.83
8386,2024,11,1.83
8386,2024,12,-0.83
8387,2024,1,27.50
8387,2024,2,27.00
8387,2024,3,13.50
8387,2024,4,16.50
8387,2024,5,25.50
8387,2024,6,21.00
8387,2024,7,17.50
8387,2024,8,26.50
8387,2024,9,37.50
8387,2024,10,33.50
8387,2024,11,44.50
8387,2024,12,52.00
8388,2024,1,15.00
8388,2024,2,25.00
8388,2024,3,16.00
8388,2024,4,12.00
8388,2024,5,12.00
8388,2024,6,23.00
8388,2024,7,-6.00
8388,2024,8,4.50
8388,2024,9,10.00
8388,2024,10,8.00
8388,2024,11,13.00
8388,2024,12,12.00
9389,2024,1,41.00
9389,2024,2,45.00
9389,2024,3,35.00
9389,2024,4,45.50
9389,2024,5,40.00
9389,2024,6,44.00
9389,2024,7,43.50
9389,2024,8,38.50
9389,2024,9,39.50
9389,2024,10,31.00
9389,2024,11,36.00
9389,2024,12,32.00
9390,2024,1,10.00
9390,2024,2,10.00
9390,2024,3,14.00
9390,2024,4,0.50
9390,2024,5,5.50
9390,2024,6,9.00
9390,2024,7,12.00
9392,2024,1,-2.00
9392,2024,2,-22.00
9392,2024,3,-42.50
9392,2024,4,-25.00
9392,2024,5,-40.00
9392,2024,6,-45.00
9393,2024,1,6.50
9393,2024,2,3.50
9393,2024,3,-5.50
9393,2024,4,-1.00
9393,2024,5,-1.00
9393,2024,6,0.00
9393,2024,7,6.00
9393,2024,8,20.00
9393,2024,9,3.00
9393,2024,10,2.00
9393,2024,11,-2.00
9393,2024,12,-1.50
9394,2024,1,11.50
9394,2024,2,14.50
9394,2024,3,5.50
9394,2024,4,9.50
9394,2024,5,12.50
9394,2024,6,23.50
9394,2024,7,14.50
9394,2024,8,32.50
9394,2024,9,29.50
9394,2024,10,29.50
9394,2024,11,34.50
9394,2024,12,30.50
9395,2024,1,5.00
9395,2024,2,14.50
9395,2024,3,12.00
9395,2024,4,10.00
9395,2024,5,10.50
9395,2024,6,22.00
9395,2024,7,15.50
9395,2024,8,21.00
9395,2024,9,34.00
9395,2024,10,35.00
9395,2024,11,41.00
9395,2024,12,35.00
9396,2024,1,5.00
9396,2024,2,6.00
9396,2024,3,2.50
9396,2024,4,2.00
9396,2024,5,-6.00
9396,2024,6,-9.00
9396,2024,7,-13.50
9401,2024,1,10.50
9401,2024,2,20.83
9401,2024,3,17.33
9401,2024,4,3.17
9401,2024,5,-1.83
9401,2024,6,4.50
9401,2024,7,6.67
9401,2024,8,18.33
9401,2024,9,25.33
9401,2024,10,33.83
9401,2024,11,56.37
9401,2024,12,49.03
9402,2024,1,-1.00
9402,2024,2,-14.00
9402,2024,3,-27.00
9402,2024,4,-2.00
9402,2024,5,-21.33
9402,2024,6,-34.33
9402,2024,7,-9.33
9402,2024,8,-22.33
9402,2024,9,-36.17
9402,2024,10,-11.17
9402,2024,11,-24.17
9402,2024,12,-37.17
9404,2024,1,26.00
9404,2024,2,24.00
9404,2024,3,22.00
9404,2024,4,22.00
9404,2024,5,31.00
9404,2024,6,34.50
9404,2024,7,41.50
9404,2024,8,47.50
9404,2024,9,59.50
9404,2024,10,57.00
9404,2024,11,69.00
9404,2024,12,64.50
9405,2024,1,21.50
9405,2024,2,12.50
9405,2024,3,9.00
9405,2024,4,9.00
9405,2024,5,14.00
9405,2024,6,19.00
9405,2024,7,19.00
9405,2024,8,28.00
9405,2024,9,33.00
9405,2024,10,43.00
9406,2024,1,20.00
9406,2024,2,18.00
9406,2024,3,14.00
9406,2024,4,18.00
9406,2024,5,26.00
9406,2024,6,31.00
9406,2024,7,27.50
9406,2024,8,41.50
9406,2024,9,41.50
9406,2024,10,32.50
9406,2024,11,38.00
9406,2024,12,37.50
9411,2024,1,10.50
9411,2024,2,11.50
9411,2024,3,0.00
9411,2024,4,15.00
9411,2024,5,4.00
9411,2024,6,9.50
9411,2024,7,-12.50
9411,2024,8,-3.50
9411,2024,9,-3.50
9411,2024,10,-3.50
9411,2024,11,-7.50
9414,2024,1,7.50
9414,2024,2,14.50
9414,2024,3,2.50
9414,2024,4,7.50
9414,2024,5,16.50
9414,2024,6,17.00
9414,2024,7,19.50
9414,2024,8,25.50
9414,2024,9,24.00
9414,2024,10,33.00
9414,2024,11,29.50
9414,2024,12,33.00
9415,2024,1,10.00
9415,2024,2,15.00
9415,2024,3,6.00
9415,2024,4,4.00
9415,2024,5,8.00
9416,2024,1,28.00
9416,2024,2,30.50
9416,2024,3,25.00
9416,2024,4,26.00
9416,2024,5,33.00
9417,2024,1,4.00
9417,2024,2,8.00
9417,2024,3,13.00
9417,2024,4,9.50
9417,2024,5,14.50
9417,2024,6,20.50
9417,2024,7,20.50
9417,2024,8,23.50
9417,2024,9,27.50
9417,2024,10,31.00
9417,2024,11,30.00
9417,2024,12,37.50
9419,2024,1,-3.50
9419,2024,2,-18.50
9419,2024,3,-31.50
9419,2024,4,-7.50
9419,2024,5,-19.50
9419,2024,6,-31.50
9419,2024,7,-7.50
9419,2024,8,-19.50
9419,2024,9,-31.50
9419,2024,10,-7.50
9419,2024,11,-19.50
9419,2024,12,-31.50
9420,2024,1,15.50
9420,2024,2,19.50
9420,2024,3,10.50
9420,2024,4,14.50
9420,2024,5,16.00
9420,2024,6,20.00
9420,2024,7,21.00
9420,2024,8,24.00
9420,2024,9,27.00
9420,2024,10,18.50
9420,2024,11,23.50
9420,2024,12,34.50
9421,2024,1,-7.00
9421,2024,2,6.50
9421,2024,3,2.50
9421,2024,4,3.50
9421,2024,5,2.50
9421,2024,6,13.50
9421,2024,7,-1.00
9421,2024,8,-3.50
9428,2024,1,-0.67
9428,2024,2,13.67
9428,2024,3,13.17
9428,2024,4,11.17
9428,2024,5,13.33
9428,2024,6,24.67
9428,2024,7,17.67
9428,2024,8,26.17
9428,2024,9,24.17
9428,2024,10,22.83
9428,2024,11,49.83
9428,2024,12,41.50
9429,2024,1,13.95
9429,2024,2,13.95
9429,2024,3,13.18
9429,2024,4,-16.82
9429,2024,5,-16.82
9429,2024,6,-16.82
9429,2024,7,-56.82
9429,2024,8,-56.82
9429,2024,9,-56.82
9429,2024,10,-116.82
9429,2024,11,-116.82
9429,2024,12,-116.82
9430,2024,1,0.00
9430,2024,2,0.00
9430,2024,3,0.00
9430,2024,4,-70.00
9430,2024,5,-47.40
9431,2024,1,-10.25
9431,2024,2,-22.75
9431,2024,3,-34.75
9431,2024,4,-11.75
9431,2024,5,-23.75
9431,2024,6,-35.75
9431,2024,7,-11.75
9431,2024,8,-24.75
9431,2024,9,-38.00
9431,2024,10,-17.50
9431,2024,11,-31.00
9431,2024,12,-43.00
9432,2024,1,-2.50
9432,2024,2,5.50
9432,2024,3,-0.50
9432,2024,4,-9.50
9432,2024,5,-14.00
9432,2024,6,-6.00
9432,2024,7,-19.50
9432,2024,8,-10.50
9432,2024,9,-7.50
9432,2024,10,-14.50
9432,2024,11,-5.00
9432,2024,12,-11.00
9433,2024,1,21.00
9433,2024,2,10.50
9433,2024,3,2.50
9433,2024,4,18.50
9433,2024,5,10.50
9433,2024,6,2.50
9433,2024,7,10.50
9433,2024,8,-1.50
9433,2024,9,-9.50
9433,2024,10,3.50
9434,2024,1,-0.50
9434,2024,2,3.50
9434,2024,3,-3.00
9434,2024,4,-2.00
9434,2024,5,-4.00
9434,2024,6,6.00
9434,2024,7,-2.00
9434,2024,8,8.50
9434,2024,9,10.00
9434,2024,10,8.00
9434,2024,11,19.00
9434,2024,12,23.50
9435,2024,1,11.50
9435,2024,2,9.50
9435,2024,3,0.50
9435,2024,4,-2.50
9435,2024,5,-1.00
9435,2024,6,13.00
9435,2024,7,19.00
9435,2024,8,22.50
9435,2024,9,20.00
9435,2024,10,18.00
9435,2024,11,23.00
9435,2024,12,26.00
9436,2024,1,-3.50
9436,2024,2,4.50
9436,2024,3,-4.00
9436,2024,4,-14.50
9436,2024,5,-15.50
9436,2024,6,-8.50
9436,2024,7,-21.00
9436,2024,8,-12.00
9436,2024,9,-9.50
9436,2024,10,-13.50
9436,2024,11,-4.00
9436,2024,12,-12.50
9439,2024,1,-3.50
9439,2024,2,-2.50
9439,2024,3,-5.00
9439,2024,4,-9.00
9439,2024,5,-1.00
9439,2024,6,13.00
9439,2024,7,3.00
9439,2024,8,16.00
9439,2024,9,18.00
9439,2024,10,14.00
9439,2024,11,24.00
9439,2024,12,17.00
9440,2024,1,6.50
9440,2024,2,0.50
9440,2024,3,-2.50
9440,2024,4,2.50
9440,2024,5,7.50
9440,2024,6,12.50
9440,2024,7,14.50
9440,2024,8,19.50
9440,2024,9,24.50
9440,2024,10,21.00
9440,2024,11,26.00
9440,2024,12,42.00
9441,2024,1,-2.50
9441,2024,2,1.50
9441,2024,3,0.50
9441,2024,4,-1.50
9441,2024,5,2.00
9441,2024,6,6.00
9441,2024,7,3.00
9441,2024,8,-1.00
9441,2024,9,8.50
9441,2024,10,10.50
9441,2024,11,15.50
9441,2024,12,11.00
9442,2024,1,7.00
9442,2024,2,18.50
9442,2024,3,9.50
9442,2024,4,9.50
9442,2024,5,12.50
9442,2024,6,16.50
9442,2024,7,14.00
9442,2024,8,26.00
9442,2024,9,16.00
9442,2024,10,8.00
9442,2024,11,14.50
9442,2024,12,12.00
9443,2024,1,0.00
9443,2024,2,1.00
9443,2024,3,4.00
9443,2024,4,5.50
9444,2024,1,5.00
9444,2024,2,8.50
9444,2024,3,5.50
9444,2024,4,8.50
9444,2024,5,13.50
9444,2024,6,17.50
9444,2024,7,23.50
9444,2024,8,28.50
9444,2024,9,39.50
9444,2024,10,37.50
9444,2024,11,48.50
9444,2024,12,48.50
9445,2024,1,-7.00
9445,2024,2,-4.50
9445,2024,3,-7.50
9445,2024,4,-10.50
9445,2024,5,-13.50
9445,2024,6,2.00
9445,2024,7,-7.50
9445,2024,8,1.00
9445,2024,9,16.00
9445,2024,10,5.00
9445,2024,11,19.00
9445,2024,12,14.00
9454,2024,1,-6.00
9454,2024,2,5.00
9454,2024,3,-5.00
9454,2024,4,4.00
9454,2024,5,13.50
9454,2024,6,26.00
9454,2024,7,25.50
9454,2024,8,37.00
9454,2024,9,44.50
9454,2024,10,35.50
9454,2024,11,36.50
9454,2024,12,6.00
9455,2024,1,0.00
9455,2024,2,5.00
9455,2024,3,10.00
9455,2024,4,12.00
9455,2024,5,17.00
9455,2024,6,21.00
9455,2024,7,27.00
9455,2024,8,33.00
9456,2024,1,0.00
9456,2024,2,6.50
9456,2024,3,-5.50
9456,2024,4,2.50
9456,2024,5,-1.00
9456,2024,6,9.50
9456,2024,7,-5.50
9456,2024,8,0.00
9457,2024,1,0.00
9457,2024,2,-3.00
9457,2024,3,-5.00
9457,2024,4,-8.00
9457,2024,5,1.50
9457,2024,6,8.50
9457,2024,7,5.00
9462,2024,1,0.00
9462,2024,2,-7.50
9463,2024,1,0.00
9463,2024,3,5.50
9463,2024,4,-1.00
9463,2024,5,-4.50
9463,2024,6,4.50
9463,2024,7,-9.00
9463,2024,8,-1.00
9463,2024,9,2.00
9463,2024,10,-4.00
9463,2024,11,5.50
9463,2024,12,-1.50
9464,2024,1,0.00
9464,2024,2,-20.50
9464,2024,3,-32.50
9464,2024,4,-8.50
9464,2024,5,-23.50
9464,2024,6,-37.50
9464,2024,7,-13.50
9464,2024,8,-25.50
9464,2024,9,-37.50
9464,2024,10,-17.00
9464,2024,11,-29.00
9464,2024,12,-42.00
9465,2024,1,0.00
9465,2024,2,-24.50
9465,2024,3,-46.00
9465,2024,4,-40.50
9465,2024,5,-69.50
9465,2024,6,-93.00
9465,2024,7,-80.50
9465,2024,8,-95.00
9465,2024,9,-110.50
9465,2024,10,-87.70
9465,2024,11,-99.70
9465,2024,12,-113.20
9471,2024,1,0.00
9471,2024,3,7.00
9471,2024,4,5.00
9471,2024,5,1.00
9471,2024,6,4.50
9471,2024,7,5.50
9471,2024,8,-2.50
9471,2024,9,1.50
9471,2024,10,-4.50
9471,2024,11,5.50
9471,2024,12,2.50
9474,2024,1,0.00
9474,2024,3,2.50
9474,2024,4,-0.50
9474,2024,5,-2.00
9474,2024,6,4.50
9474,2024,7,-0.50
9474,2024,8,20.00
9474,2024,9,26.00
9474,2024,10,22.50
9474,2024,11,33.50
9474,2024,12,22.00
9475,2024,1,0.00
9475,2024,3,2.00
9475,2024,4,1.50
9475,2024,5,0.50
9475,2024,6,7.00
9475,2024,7,3.50
9475,2024,8,24.00
9475,2024,9,24.00
9475,2024,10,15.00
9475,2024,11,9.00
9475,2024,12,-3.00
9477,2024,1,0.00
9477,2024,3,6.00
9477,2024,4,11.00
9477,2024,5,16.00
9477,2024,6,23.50
9477,2024,7,38.50
9477,2024,8,46.50
9477,2024,9,51.50
9477,2024,10,34.00
9477,2024,11,40.00
9477,2024,12,42.00
9478,2024,1,0.00
9478,2024,3,-1.50
9478,2024,4,2.50
9478,2024,5,5.00
9478,2024,6,6.00
9478,2024,7,-4.50
9478,2024,8,-3.50
9478,2024,9,-18.00
9478,2024,10,-18.00
9478,2024,11,-16.00
9478,2024,12,-26.00
9479,2024,1,0.00
9479,2024,3,7.00
9479,2024,4,12.00
9479,2024,5,17.00
9479,2024,6,28.00
9479,2024,7,29.00
9479,2024,8,30.50
9479,2024,9,51.50
9479,2024,10,37.00
9479,2024,11,40.50
9479,2024,12,43.50
9480,2024,1,0.00
9480,2024,3,-2.00
9480,2024,4,-2.50
9480,2024,5,-1.50
9480,2024,6,7.50
9480,2024,7,-3.00
9480,2024,8,10.00
9480,2024,9,13.00
9480,2024,10,5.00
9480,2024,11,13.00
9480,2024,12,7.00
9481,2024,1,0.00
9481,2024,3,8.00
9481,2024,4,13.00
9481,2024,5,11.00
9481,2024,6,9.00
9481,2024,7,5.50
9481,2024,8,2.50
9481,2024,9,0.50
9481,2024,10,-3.00
9481,2024,11,10.50
9481,2024,12,12.00
9482,2024,1,0.00
9482,2024,3,0.83
9482,2024,4,-6.67
9482,2024,5,-3.17
9482,2024,6,10.17
9482,2024,7,6.17
9482,2024,8,14.83
9482,2024,9,19.50
9482,2024,10,12.50
9482,2024,11,25.83
9482,2024,12,16.00
9483,2024,1,0.00
9483,2024,4,4.12
9483,2024,5,2.12
9483,2024,6,-1.88
9483,2024,7,-14.35
9483,2024,8,-14.35
9483,2024,9,-7.18
9484,2024,1,0.00
9484,2024,5,3.00
9484,2024,6,8.00
9484,2024,7,12.00
9485,2024,1,0.00
9485,2024,5,13.00
9485,2024,6,15.50
9485,2024,7,14.00
9485,2024,8,14.50
9485,2024,9,26.50
9485,2024,10,15.00
9485,2024,11,20.00
9485,2024,12,28.00
9486,2024,1,0.00
9486,2024,5,-6.00
9486,2024,6,9.00
9486,2024,7,12.00
9486,2024,8,21.00
9486,2024,9,26.00
9486,2024,10,38.00
9486,2024,11,36.50
9486,2024,12,35.00
9487,2024,1,0.00
9487,2024,5,3.00
9487,2024,6,14.00
9487,2024,7,18.00
9487,2024,8,15.00
9487,2024,9,12.00
9487,2024,10,9.00
9487,2024,11,22.00
9487,2024,12,23.50
9488,2024,1,0.00
9488,2024,5,6.00
9488,2024,6,17.00
9488,2024,7,27.00
9488,2024,8,38.50
9488,2024,9,43.50
9488,2024,10,48.00
9488,2024,11,43.50
9488,2024,12,18.00
9489,2024,1,0.00
9489,2024,6,4.50
9489,2024,7,-3.00
9489,2024,8,6.00
9489,2024,9,15.00
9489,2024,10,3.50
9489,2024,11,5.00
9489,2024,12,9.00
9491,2024,1,0.00
9491,2024,6,-2.50
9491,2024,7,-2.00
9491,2024,8,0.00
9491,2024,9,-1.00
9491,2024,10,-7.00
9491,2024,11,-1.00
9491,2024,12,-1.00
9492,2024,1,0.00
9492,2024,5,-12.00
9492,2024,6,-26.00
9492,2024,7,-2.00
9492,2024,8,-14.50
9492,2024,9,-27.00
9492,2024,10,-3.50
9492,2024,11,-15.50
9492,2024,12,-27.50
9493,2024,1,0.00
9493,2024,5,2.00
9493,2024,6,-1.00
9493,2024,7,-1.50
9493,2024,8,-7.00
9493,2024,9,5.50
9493,2024,10,-6.00
9493,2024,11,7.00
9493,2024,12,1.00
9495,2024,1,0.00
9495,2024,6,3.00
9495,2024,7,1.00
9495,2024,8,13.00
9495,2024,9,22.50
9495,2024,10,15.50
9495,2024,11,13.50
9495,2024,12,24.50
9502,2024,1,0.00
9502,2024,7,-1.50
9502,2024,8,3.00
9502,2024,9,0.50
9502,2024,10,-2.50
9502,2024,11,-7.50
9502,2024,12,-1.00
9503,2024,1,6.50
9503,2024,7,0.50
9503,2024,8,-11.50
9503,2024,9,-26.50
9503,2024,10,-2.50
9503,2024,11,-14.50
9503,2024,12,-26.50
9504,2024,1,0.00
9504,2024,7,0.00
9504,2024,8,-12.00
9504,2024,9,-32.00
9504,2024,10,-8.00
9504,2024,11,-20.50
9504,2024,12,-33.50
9506,2024,1,0.00
9506,2024,7,10.00
9506,2024,8,3.00
9507,2024,1,0.00
9507,2024,8,4.00
9507,2024,9,6.00
9507,2024,10,-2.50
9511,2024,1,0.00
9511,2024,8,-1.50
9511,2024,9,-1.00
9511,2024,10,-12.50
9511,2024,11,0.00
9511,2024,12,-7.00
9512,2024,1,0.00
9512,2024,8,-1.50
9512,2024,9,1.00
9512,2024,10,-9.50
9512,2024,11,-9.50
9512,2024,12,-8.50
9513,2024,1,0.00
9513,2024,8,-12.00
9513,2024,9,-31.00
9513,2024,10,-7.50
9513,2024,11,-27.00
9513,2024,12,-40.50
9514,2024,1,0.00
9514,2024,8,-16.00
9514,2024,9,-29.50
9514,2024,10,-5.50
9514,2024,11,-17.50
9514,2024,12,-29.50
9516,2024,1,0.00
9516,2024,9,-32.50
9516,2024,10,-11.00
9516,2024,11,-25.50
9516,2024,12,-40.50
9519,2024,1,0.00
9519,2024,10,-3.00
9519,2024,11,8.50
9519,2024,12,3.00
9521,2024,1,0.00
9521,2024,9,-9.00
9521,2024,10,-6.50
9522,2024,1,0.00
9522,2024,10,-10.00
9523,2024,1,0.00
9523,2024,9,9.00
9523,2024,10,-1.00
9523,2024,11,4.00
9523,2024,12,11.00
9524,2024,1,0.00
9524,2024,10,1.00
9524,2024,11,1.00
9524,2024,12,1.00
9525,2024,1,0.00
9525,2024,10,0.00
9525,2024,11,-2.00
9525,2024,12,3.00
9526,2024,1,0.00
9526,2024,10,-2.00
9526,2024,11,9.50
9526,2024,12,6.50
9527,2024,1,0.00
9527,2024,11,-13.00
9527,2024,12,-21.00
9528,2024,1,0.00
9528,2024,11,10.00
9528,2024,12,2.00
9529,2024,1,0.00
9529,2024,12,7.00
9530,2024,1,0.00
9530,2024,11,-0.50
9530,2024,12,-4.00
9531,2024,1,0.00
9531,2024,11,3.00
9531,2024,12,0.00
9532,2024,1,0.00
9532,2024,12,-4.00
9533,2024,1,0.00
9533,2024,12,-4.00
9534,2024,1,0.00
9534,2024,11,-26.00
9534,2024,12,-38.50
9536,2024,1,0.00
9537,2024,1,0.00
9537,2024,11,0.00
9537,2024,12,3.50
9538,2024,1,0.00
9538,2024,12,-1.00
9540,2024,1,0.00
9542,2024,1,0.00
9545,2024,1,0.00
9546,2024,1,0.00

